0 verbose cli /usr/local/bin/node /usr/local/bin/npm
1 info using npm@10.9.3
2 info using node@v22.19.0
3 silly config load:file:/usr/local/lib/node_modules/npm/npmrc
4 silly config load:file:/Users/rickardzakrisson/Desktop/code/Beat-Blaster/.npmrc
5 silly config load:file:/Users/rickardzakrisson/.npmrc
6 silly config load:file:/usr/local/etc/npmrc
7 verbose title npm install vite-plugin-static-copy
8 verbose argv "install" "--save-dev" "vite-plugin-static-copy"
9 verbose logfile logs-max:10 dir:/Users/rickardzakrisson/Desktop/code/Beat-Blaster/.npm-cache/_logs/2025-09-28T08_59_26_612Z-
10 verbose logfile /Users/rickardzakrisson/Desktop/code/Beat-Blaster/.npm-cache/_logs/2025-09-28T08_59_26_612Z-debug-0.log
11 silly logfile done cleaning log files
12 silly packumentCache heap:2197815296 maxSize:549453824 maxEntrySize:274726912
13 http fetch GET 200 https://registry.npmjs.org/npm 2558ms
14 silly idealTree buildDeps
15 silly fetch manifest vitest@^1.6.0
16 silly packumentCache full:https://registry.npmjs.org/vitest cache-miss
17 verbose shrinkwrap failed to load node_modules/.package-lock.json out of date, updated: node_modules
18 http fetch GET 200 https://registry.npmjs.org/vitest 746ms (cache miss)
19 silly packumentCache full:https://registry.npmjs.org/vitest set size:undefined disposed:false
20 silly fetch manifest @edge-runtime/vm@*
21 silly packumentCache full:https://registry.npmjs.org/@edge-runtime%2fvm cache-miss
22 http fetch GET 200 https://registry.npmjs.org/@edge-runtime%2fvm 233ms (cache miss)
23 silly packumentCache full:https://registry.npmjs.org/@edge-runtime%2fvm set size:undefined disposed:false
24 silly fetch manifest @types/node@^22.7.4
25 silly packumentCache full:https://registry.npmjs.org/@types%2fnode cache-miss
26 http fetch GET 200 https://registry.npmjs.org/@types%2fnode 1628ms (cache miss)
27 silly packumentCache full:https://registry.npmjs.org/@types%2fnode set size:undefined disposed:false
28 silly fetch manifest @vitest/browser@1.6.1
29 silly packumentCache full:https://registry.npmjs.org/@vitest%2fbrowser cache-miss
30 http fetch GET 200 https://registry.npmjs.org/@vitest%2fbrowser 322ms (cache miss)
31 silly packumentCache full:https://registry.npmjs.org/@vitest%2fbrowser set size:undefined disposed:false
32 silly fetch manifest playwright@*
33 silly packumentCache full:https://registry.npmjs.org/playwright cache-miss
34 http fetch GET 200 https://registry.npmjs.org/playwright 7597ms (cache miss)
35 silly packumentCache full:https://registry.npmjs.org/playwright set size:undefined disposed:false
36 silly fetch manifest webdriverio@*
37 silly packumentCache full:https://registry.npmjs.org/webdriverio cache-miss
38 http fetch GET 200 https://registry.npmjs.org/webdriverio 1219ms (cache miss)
39 silly packumentCache full:https://registry.npmjs.org/webdriverio set size:undefined disposed:false
40 silly fetch manifest puppeteer-core@>=22.x || <=24.x
41 silly packumentCache full:https://registry.npmjs.org/puppeteer-core cache-miss
42 http fetch GET 200 https://registry.npmjs.org/puppeteer-core 806ms (cache miss)
43 silly packumentCache full:https://registry.npmjs.org/puppeteer-core set size:undefined disposed:false
44 silly fetch manifest @vitest/ui@1.6.1
45 silly packumentCache full:https://registry.npmjs.org/@vitest%2fui cache-miss
46 http fetch GET 200 https://registry.npmjs.org/@vitest%2fui 1085ms (cache miss)
47 silly packumentCache full:https://registry.npmjs.org/@vitest%2fui set size:undefined disposed:false
48 silly fetch manifest happy-dom@*
49 silly packumentCache full:https://registry.npmjs.org/happy-dom cache-miss
50 http fetch GET 200 https://registry.npmjs.org/happy-dom 728ms (cache miss)
51 silly packumentCache full:https://registry.npmjs.org/happy-dom set size:undefined disposed:false
52 silly fetch manifest jsdom@*
53 silly packumentCache full:https://registry.npmjs.org/jsdom cache-miss
54 http fetch GET 200 https://registry.npmjs.org/jsdom 1022ms (cache miss)
55 silly packumentCache full:https://registry.npmjs.org/jsdom set size:undefined disposed:false
56 silly fetch manifest canvas@^3.0.0
57 silly packumentCache full:https://registry.npmjs.org/canvas cache-miss
58 http fetch GET 200 https://registry.npmjs.org/canvas 539ms (cache miss)
59 silly packumentCache full:https://registry.npmjs.org/canvas set size:undefined disposed:false
60 silly fetch manifest vite-plugin-static-copy@*
61 silly packumentCache full:https://registry.npmjs.org/vite-plugin-static-copy cache-miss
62 http fetch GET 200 https://registry.npmjs.org/vite-plugin-static-copy 778ms (cache miss)
63 silly packumentCache full:https://registry.npmjs.org/vite-plugin-static-copy set size:undefined disposed:false
64 silly fetch manifest vite@^5.4.0
65 silly packumentCache full:https://registry.npmjs.org/vite cache-miss
66 http fetch GET 200 https://registry.npmjs.org/vite 8907ms (cache miss)
67 silly packumentCache full:https://registry.npmjs.org/vite set size:undefined disposed:false
68 silly fetch manifest less@*
69 silly packumentCache full:https://registry.npmjs.org/less cache-miss
70 http fetch GET 200 https://registry.npmjs.org/less 204ms (cache miss)
71 silly packumentCache full:https://registry.npmjs.org/less set size:undefined disposed:false
72 silly fetch manifest lightningcss@^1.21.0
73 silly packumentCache full:https://registry.npmjs.org/lightningcss cache-miss
74 http fetch GET 200 https://registry.npmjs.org/lightningcss 445ms (cache miss)
75 silly packumentCache full:https://registry.npmjs.org/lightningcss set size:undefined disposed:false
76 silly fetch manifest sass@*
77 silly packumentCache full:https://registry.npmjs.org/sass cache-miss
78 http fetch GET 200 https://registry.npmjs.org/sass 209ms (cache miss)
79 silly packumentCache full:https://registry.npmjs.org/sass set size:undefined disposed:false
80 silly fetch manifest sass-embedded@*
81 silly packumentCache full:https://registry.npmjs.org/sass-embedded cache-miss
82 http fetch GET 200 https://registry.npmjs.org/sass-embedded 257ms (cache miss)
83 silly packumentCache full:https://registry.npmjs.org/sass-embedded set size:undefined disposed:false
84 silly fetch manifest stylus@*
85 silly packumentCache full:https://registry.npmjs.org/stylus cache-miss
86 http fetch GET 200 https://registry.npmjs.org/stylus 171ms (cache miss)
87 silly packumentCache full:https://registry.npmjs.org/stylus set size:undefined disposed:false
88 silly fetch manifest sugarss@*
89 silly packumentCache full:https://registry.npmjs.org/sugarss cache-miss
90 http fetch GET 200 https://registry.npmjs.org/sugarss 188ms (cache miss)
91 silly packumentCache full:https://registry.npmjs.org/sugarss set size:undefined disposed:false
92 silly fetch manifest postcss@^8.3.3
93 silly packumentCache full:https://registry.npmjs.org/postcss cache-miss
94 http fetch GET 200 https://registry.npmjs.org/postcss 171ms (cache miss)
95 silly packumentCache full:https://registry.npmjs.org/postcss set size:undefined disposed:false
96 silly fetch manifest terser@^5.4.0
97 silly packumentCache full:https://registry.npmjs.org/terser cache-miss
98 http fetch GET 200 https://registry.npmjs.org/terser 202ms (cache miss)
99 silly packumentCache full:https://registry.npmjs.org/terser set size:undefined disposed:false
100 silly placeDep ROOT vite-plugin-static-copy@3.1.2 OK for:  want: *
101 silly placeDep ROOT vitest@1.6.1 OK for:  want: ^1.6.0
102 silly fetch manifest p-map@^7.0.3
103 silly packumentCache full:https://registry.npmjs.org/p-map cache-miss
104 silly fetch manifest chokidar@^3.6.0
105 silly packumentCache full:https://registry.npmjs.org/chokidar cache-miss
106 silly fetch manifest fs-extra@^11.3.0
107 silly packumentCache full:https://registry.npmjs.org/fs-extra cache-miss
108 http fetch GET 200 https://registry.npmjs.org/p-map 420ms (cache miss)
109 silly packumentCache full:https://registry.npmjs.org/p-map set size:undefined disposed:false
110 silly fetch manifest tinyglobby@^0.2.14
111 silly packumentCache full:https://registry.npmjs.org/tinyglobby cache-miss
112 http fetch GET 200 https://registry.npmjs.org/chokidar 524ms (cache miss)
113 silly packumentCache full:https://registry.npmjs.org/chokidar set size:undefined disposed:false
114 silly fetch manifest chai@^4.3.10
115 silly packumentCache full:https://registry.npmjs.org/chai cache-miss
116 http fetch GET 200 https://registry.npmjs.org/fs-extra 571ms (cache miss)
117 silly packumentCache full:https://registry.npmjs.org/fs-extra set size:undefined disposed:false
118 silly fetch manifest debug@^4.3.4
119 silly packumentCache full:https://registry.npmjs.org/debug cache-miss
120 http fetch GET 200 https://registry.npmjs.org/debug 229ms (cache miss)
121 silly packumentCache full:https://registry.npmjs.org/debug set size:undefined disposed:false
122 silly fetch manifest execa@^8.0.1
123 silly packumentCache full:https://registry.npmjs.org/execa cache-miss
124 http fetch GET 200 https://registry.npmjs.org/chai 272ms (cache miss)
125 silly packumentCache full:https://registry.npmjs.org/chai set size:undefined disposed:false
126 silly fetch manifest pathe@^1.1.1
127 silly packumentCache full:https://registry.npmjs.org/pathe cache-miss
128 http fetch GET 200 https://registry.npmjs.org/tinyglobby 424ms (cache miss)
129 silly packumentCache full:https://registry.npmjs.org/tinyglobby set size:undefined disposed:false
130 silly fetch manifest std-env@^3.5.0
131 silly packumentCache full:https://registry.npmjs.org/std-env cache-miss
132 http fetch GET 200 https://registry.npmjs.org/std-env 214ms (cache miss)
133 silly packumentCache full:https://registry.npmjs.org/std-env set size:undefined disposed:false
134 silly fetch manifest tinypool@^0.8.3
135 silly packumentCache full:https://registry.npmjs.org/tinypool cache-miss
136 http fetch GET 200 https://registry.npmjs.org/pathe 245ms (cache miss)
137 silly packumentCache full:https://registry.npmjs.org/pathe set size:undefined disposed:false
138 silly fetch manifest local-pkg@^0.5.0
139 silly packumentCache full:https://registry.npmjs.org/local-pkg cache-miss
140 http fetch GET 200 https://registry.npmjs.org/execa 295ms (cache miss)
141 silly packumentCache full:https://registry.npmjs.org/execa set size:undefined disposed:false
142 silly fetch manifest tinybench@^2.5.1
143 silly packumentCache full:https://registry.npmjs.org/tinybench cache-miss
144 http fetch GET 200 https://registry.npmjs.org/local-pkg 153ms (cache miss)
145 silly packumentCache full:https://registry.npmjs.org/local-pkg set size:undefined disposed:false
146 silly fetch manifest vite-node@1.6.1
147 silly packumentCache full:https://registry.npmjs.org/vite-node cache-miss
148 http fetch GET 200 https://registry.npmjs.org/tinypool 172ms (cache miss)
149 silly packumentCache full:https://registry.npmjs.org/tinypool set size:undefined disposed:false
150 silly fetch manifest acorn-walk@^8.3.2
151 silly packumentCache full:https://registry.npmjs.org/acorn-walk cache-miss
152 http fetch GET 200 https://registry.npmjs.org/tinybench 223ms (cache miss)
153 silly packumentCache full:https://registry.npmjs.org/tinybench set size:undefined disposed:false
154 silly fetch manifest @vitest/spy@1.6.1
155 silly packumentCache full:https://registry.npmjs.org/@vitest%2fspy cache-miss
156 http fetch GET 200 https://registry.npmjs.org/acorn-walk 275ms (cache miss)
157 silly packumentCache full:https://registry.npmjs.org/acorn-walk set size:undefined disposed:false
158 silly fetch manifest magic-string@^0.30.5
159 silly packumentCache full:https://registry.npmjs.org/magic-string cache-miss
160 http fetch GET 200 https://registry.npmjs.org/@vitest%2fspy 436ms (cache miss)
161 silly packumentCache full:https://registry.npmjs.org/@vitest%2fspy set size:undefined disposed:false
162 silly fetch manifest @vitest/utils@1.6.1
163 silly packumentCache full:https://registry.npmjs.org/@vitest%2futils cache-miss
164 http fetch GET 200 https://registry.npmjs.org/magic-string 321ms (cache miss)
165 silly packumentCache full:https://registry.npmjs.org/magic-string set size:undefined disposed:false
166 silly fetch manifest strip-literal@^2.0.0
167 silly packumentCache full:https://registry.npmjs.org/strip-literal cache-miss
168 http fetch GET 200 https://registry.npmjs.org/vite-node 661ms (cache miss)
169 silly packumentCache full:https://registry.npmjs.org/vite-node set size:undefined disposed:false
170 silly fetch manifest @vitest/expect@1.6.1
171 silly packumentCache full:https://registry.npmjs.org/@vitest%2fexpect cache-miss
172 http fetch GET 200 https://registry.npmjs.org/@vitest%2futils 297ms (cache miss)
173 silly packumentCache full:https://registry.npmjs.org/@vitest%2futils set size:undefined disposed:false
174 silly fetch manifest @vitest/runner@1.6.1
175 silly packumentCache full:https://registry.npmjs.org/@vitest%2frunner cache-miss
176 http fetch GET 200 https://registry.npmjs.org/strip-literal 515ms (cache miss)
177 silly packumentCache full:https://registry.npmjs.org/strip-literal set size:undefined disposed:false
178 silly fetch manifest @vitest/snapshot@1.6.1
179 silly packumentCache full:https://registry.npmjs.org/@vitest%2fsnapshot cache-miss
180 http fetch GET 200 https://registry.npmjs.org/@vitest%2fexpect 465ms (cache miss)
181 silly packumentCache full:https://registry.npmjs.org/@vitest%2fexpect set size:undefined disposed:false
182 silly fetch manifest why-is-node-running@^2.2.2
183 silly packumentCache full:https://registry.npmjs.org/why-is-node-running cache-miss
184 http fetch GET 200 https://registry.npmjs.org/@vitest%2frunner 279ms (cache miss)
185 silly packumentCache full:https://registry.npmjs.org/@vitest%2frunner set size:undefined disposed:false
186 http fetch GET 200 https://registry.npmjs.org/@vitest%2fsnapshot 102ms (cache miss)
187 silly packumentCache full:https://registry.npmjs.org/@vitest%2fsnapshot set size:undefined disposed:false
188 http fetch GET 200 https://registry.npmjs.org/why-is-node-running 190ms (cache miss)
189 silly packumentCache full:https://registry.npmjs.org/why-is-node-running set size:undefined disposed:false
190 silly placeDep ROOT chokidar@3.6.0 OK for: vite-plugin-static-copy@3.1.2 want: ^3.6.0
191 silly placeDep ROOT fs-extra@11.3.2 OK for: vite-plugin-static-copy@3.1.2 want: ^11.3.0
192 silly placeDep ROOT p-map@7.0.3 OK for: vite-plugin-static-copy@3.1.2 want: ^7.0.3
193 silly placeDep ROOT tinyglobby@0.2.15 OK for: vite-plugin-static-copy@3.1.2 want: ^0.2.14
194 silly fetch manifest braces@~3.0.2
195 silly packumentCache full:https://registry.npmjs.org/braces cache-miss
196 silly fetch manifest is-glob@~4.0.1
197 silly packumentCache full:https://registry.npmjs.org/is-glob cache-miss
198 silly fetch manifest anymatch@~3.1.2
199 silly packumentCache full:https://registry.npmjs.org/anymatch cache-miss
200 http fetch GET 200 https://registry.npmjs.org/is-glob 100ms (cache miss)
201 silly packumentCache full:https://registry.npmjs.org/is-glob set size:undefined disposed:false
202 silly fetch manifest readdirp@~3.6.0
203 silly packumentCache full:https://registry.npmjs.org/readdirp cache-miss
204 http fetch GET 200 https://registry.npmjs.org/anymatch 168ms (cache miss)
205 silly packumentCache full:https://registry.npmjs.org/anymatch set size:undefined disposed:false
206 silly fetch manifest glob-parent@~5.1.2
207 silly packumentCache full:https://registry.npmjs.org/glob-parent cache-miss
208 http fetch GET 200 https://registry.npmjs.org/braces 214ms (cache miss)
209 silly packumentCache full:https://registry.npmjs.org/braces set size:undefined disposed:false
210 silly fetch manifest is-binary-path@~2.1.0
211 silly packumentCache full:https://registry.npmjs.org/is-binary-path cache-miss
212 http fetch GET 200 https://registry.npmjs.org/readdirp 335ms (cache miss)
213 silly packumentCache full:https://registry.npmjs.org/readdirp set size:undefined disposed:false
214 silly fetch manifest normalize-path@~3.0.0
215 silly packumentCache full:https://registry.npmjs.org/normalize-path cache-miss
216 http fetch GET 200 https://registry.npmjs.org/is-binary-path 243ms (cache miss)
217 silly packumentCache full:https://registry.npmjs.org/is-binary-path set size:undefined disposed:false
218 silly fetch manifest graceful-fs@^4.2.0
219 silly packumentCache full:https://registry.npmjs.org/graceful-fs cache-miss
220 http fetch GET 200 https://registry.npmjs.org/glob-parent 278ms (cache miss)
221 silly packumentCache full:https://registry.npmjs.org/glob-parent set size:undefined disposed:false
222 silly fetch manifest jsonfile@^6.0.1
223 silly packumentCache full:https://registry.npmjs.org/jsonfile cache-miss
224 http fetch GET 200 https://registry.npmjs.org/normalize-path 285ms (cache miss)
225 silly packumentCache full:https://registry.npmjs.org/normalize-path set size:undefined disposed:false
226 silly fetch manifest universalify@^2.0.0
227 silly packumentCache full:https://registry.npmjs.org/universalify cache-miss
228 http fetch GET 200 https://registry.npmjs.org/jsonfile 274ms (cache miss)
229 silly packumentCache full:https://registry.npmjs.org/jsonfile set size:undefined disposed:false
230 silly fetch manifest fdir@^6.5.0
231 silly packumentCache full:https://registry.npmjs.org/fdir cache-miss
232 http fetch GET 200 https://registry.npmjs.org/graceful-fs 325ms (cache miss)
233 silly packumentCache full:https://registry.npmjs.org/graceful-fs set size:undefined disposed:false
234 silly fetch manifest picomatch@^4.0.3
235 silly packumentCache full:https://registry.npmjs.org/picomatch cache-miss
236 http fetch GET 200 https://registry.npmjs.org/universalify 120ms (cache miss)
237 silly packumentCache full:https://registry.npmjs.org/universalify set size:undefined disposed:false
238 http fetch GET 200 https://registry.npmjs.org/fdir 132ms (cache miss)
239 silly packumentCache full:https://registry.npmjs.org/fdir set size:undefined disposed:false
240 http fetch GET 200 https://registry.npmjs.org/picomatch 927ms (cache miss)
241 silly packumentCache full:https://registry.npmjs.org/picomatch set size:undefined disposed:false
242 silly placeDep ROOT anymatch@3.1.3 OK for: chokidar@3.6.0 want: ~3.1.2
243 silly placeDep ROOT braces@3.0.3 OK for: chokidar@3.6.0 want: ~3.0.2
244 silly placeDep ROOT glob-parent@5.1.2 OK for: chokidar@3.6.0 want: ~5.1.2
245 silly placeDep ROOT is-binary-path@2.1.0 OK for: chokidar@3.6.0 want: ~2.1.0
246 silly placeDep ROOT is-glob@4.0.3 OK for: chokidar@3.6.0 want: ~4.0.1
247 silly placeDep ROOT normalize-path@3.0.0 OK for: chokidar@3.6.0 want: ~3.0.0
248 silly placeDep ROOT readdirp@3.6.0 OK for: chokidar@3.6.0 want: ~3.6.0
249 silly fetch manifest picomatch@^2.0.4
250 silly packumentCache full:https://registry.npmjs.org/picomatch cache-miss
251 silly fetch manifest normalize-path@^3.0.0
252 silly packumentCache full:https://registry.npmjs.org/normalize-path cache-miss
253 silly fetch manifest fill-range@^7.1.1
254 silly packumentCache full:https://registry.npmjs.org/fill-range cache-miss
255 http cache https://registry.npmjs.org/picomatch 173ms (cache hit)
256 silly packumentCache full:https://registry.npmjs.org/picomatch set size:118818 disposed:false
257 silly fetch manifest is-glob@^4.0.1
258 silly packumentCache full:https://registry.npmjs.org/is-glob cache-miss
259 http cache https://registry.npmjs.org/normalize-path 192ms (cache hit)
260 silly packumentCache full:https://registry.npmjs.org/normalize-path set size:28713 disposed:false
261 silly fetch manifest binary-extensions@^2.0.0
262 silly packumentCache full:https://registry.npmjs.org/binary-extensions cache-miss
263 http cache https://registry.npmjs.org/is-glob 98ms (cache hit)
264 silly packumentCache full:https://registry.npmjs.org/is-glob set size:40530 disposed:false
265 silly fetch manifest is-extglob@^2.1.1
266 silly packumentCache full:https://registry.npmjs.org/is-extglob cache-miss
267 http fetch GET 200 https://registry.npmjs.org/fill-range 278ms (cache miss)
268 silly packumentCache full:https://registry.npmjs.org/fill-range set size:undefined disposed:false
269 silly fetch manifest picomatch@^2.2.1
270 silly packumentCache full:https://registry.npmjs.org/picomatch cache-hit
271 http fetch GET 200 https://registry.npmjs.org/binary-extensions 185ms (cache miss)
272 silly packumentCache full:https://registry.npmjs.org/binary-extensions set size:undefined disposed:false
273 http fetch GET 200 https://registry.npmjs.org/is-extglob 449ms (cache miss)
274 silly packumentCache full:https://registry.npmjs.org/is-extglob set size:undefined disposed:false
275 silly placeDep ROOT picomatch@2.3.1 OK for: anymatch@3.1.3 want: ^2.0.4
276 silly placeDep ROOT fill-range@7.1.1 OK for: braces@3.0.3 want: ^7.1.1
277 silly fetch manifest to-regex-range@^5.0.1
278 silly packumentCache full:https://registry.npmjs.org/to-regex-range cache-miss
279 http fetch GET 200 https://registry.npmjs.org/to-regex-range 82ms (cache miss)
280 silly packumentCache full:https://registry.npmjs.org/to-regex-range set size:undefined disposed:false
281 silly placeDep ROOT to-regex-range@5.0.1 OK for: fill-range@7.1.1 want: ^5.0.1
282 silly fetch manifest is-number@^7.0.0
283 silly packumentCache full:https://registry.npmjs.org/is-number cache-miss
284 http fetch GET 200 https://registry.npmjs.org/is-number 110ms (cache miss)
285 silly packumentCache full:https://registry.npmjs.org/is-number set size:undefined disposed:false
286 silly placeDep ROOT graceful-fs@4.2.11 OK for: fs-extra@11.3.2 want: ^4.2.0
287 silly placeDep ROOT jsonfile@6.2.0 OK for: fs-extra@11.3.2 want: ^6.0.1
288 silly placeDep ROOT universalify@2.0.1 OK for: fs-extra@11.3.2 want: ^2.0.0
289 silly placeDep ROOT binary-extensions@2.3.0 OK for: is-binary-path@2.1.0 want: ^2.0.0
290 silly placeDep ROOT is-extglob@2.1.1 OK for: is-glob@4.0.3 want: ^2.1.1
291 silly placeDep node_modules/tinyglobby fdir@6.5.0 OK for: tinyglobby@0.2.15 want: ^6.5.0
292 silly placeDep node_modules/tinyglobby picomatch@4.0.3 OK for: fdir@6.5.0 want: ^3 || ^4
293 silly placeDep ROOT is-number@7.0.0 OK for: to-regex-range@5.0.1 want: ^7.0.0
294 silly placeDep ROOT @vitest/expect@1.6.1 OK for: vitest@1.6.1 want: 1.6.1
295 silly placeDep ROOT @vitest/runner@1.6.1 OK for: vitest@1.6.1 want: 1.6.1
296 silly placeDep ROOT @vitest/snapshot@1.6.1 OK for: vitest@1.6.1 want: 1.6.1
297 silly placeDep ROOT @vitest/spy@1.6.1 OK for: vitest@1.6.1 want: 1.6.1
298 silly placeDep ROOT @vitest/utils@1.6.1 OK for: vitest@1.6.1 want: 1.6.1
299 silly placeDep ROOT acorn-walk@8.3.4 OK for: vitest@1.6.1 want: ^8.3.2
300 silly placeDep ROOT chai@4.5.0 OK for: vitest@1.6.1 want: ^4.3.10
301 silly placeDep ROOT debug@4.4.3 OK for: vitest@1.6.1 want: ^4.3.4
302 silly placeDep ROOT execa@8.0.1 OK for: vitest@1.6.1 want: ^8.0.1
303 silly placeDep ROOT local-pkg@0.5.1 OK for: vitest@1.6.1 want: ^0.5.0
304 silly placeDep ROOT magic-string@0.30.19 OK for: vitest@1.6.1 want: ^0.30.5
305 silly placeDep ROOT pathe@1.1.2 OK for: vitest@1.6.1 want: ^1.1.1
306 silly placeDep ROOT std-env@3.9.0 OK for: vitest@1.6.1 want: ^3.5.0
307 silly placeDep ROOT strip-literal@2.1.1 OK for: vitest@1.6.1 want: ^2.0.0
308 silly placeDep ROOT tinybench@2.9.0 OK for: vitest@1.6.1 want: ^2.5.1
309 silly placeDep ROOT tinypool@0.8.4 OK for: vitest@1.6.1 want: ^0.8.3
310 silly placeDep ROOT vite-node@1.6.1 OK for: vitest@1.6.1 want: 1.6.1
311 silly placeDep ROOT why-is-node-running@2.3.0 OK for: vitest@1.6.1 want: ^2.2.2
312 silly fetch manifest p-limit@^5.0.0
313 silly packumentCache full:https://registry.npmjs.org/p-limit cache-miss
314 silly fetch manifest pretty-format@^29.7.0
315 silly packumentCache full:https://registry.npmjs.org/pretty-format cache-miss
316 silly fetch manifest tinyspy@^2.2.0
317 silly packumentCache full:https://registry.npmjs.org/tinyspy cache-miss
318 http fetch GET 200 https://registry.npmjs.org/tinyspy 177ms (cache miss)
319 silly packumentCache full:https://registry.npmjs.org/tinyspy set size:undefined disposed:false
320 silly fetch manifest loupe@^2.3.7
321 silly packumentCache full:https://registry.npmjs.org/loupe cache-miss
322 http fetch GET 200 https://registry.npmjs.org/p-limit 198ms (cache miss)
323 silly packumentCache full:https://registry.npmjs.org/p-limit set size:undefined disposed:false
324 silly fetch manifest estree-walker@^3.0.3
325 silly packumentCache full:https://registry.npmjs.org/estree-walker cache-miss
326 http fetch GET 200 https://registry.npmjs.org/pretty-format 267ms (cache miss)
327 silly packumentCache full:https://registry.npmjs.org/pretty-format set size:undefined disposed:false
328 silly fetch manifest diff-sequences@^29.6.3
329 silly packumentCache full:https://registry.npmjs.org/diff-sequences cache-miss
330 http fetch GET 200 https://registry.npmjs.org/loupe 150ms (cache miss)
331 silly packumentCache full:https://registry.npmjs.org/loupe set size:undefined disposed:false
332 silly fetch manifest acorn@^8.11.0
333 silly packumentCache full:https://registry.npmjs.org/acorn cache-miss
334 http fetch GET 200 https://registry.npmjs.org/estree-walker 208ms (cache miss)
335 silly packumentCache full:https://registry.npmjs.org/estree-walker set size:undefined disposed:false
336 silly fetch manifest loupe@^2.3.6
337 silly packumentCache full:https://registry.npmjs.org/loupe cache-miss
338 http cache https://registry.npmjs.org/loupe 101ms (cache hit)
339 silly packumentCache full:https://registry.npmjs.org/loupe set size:150836 disposed:false
340 silly fetch manifest pathval@^1.1.1
341 silly packumentCache full:https://registry.npmjs.org/pathval cache-miss
342 http fetch GET 200 https://registry.npmjs.org/acorn 232ms (cache miss)
343 silly packumentCache full:https://registry.npmjs.org/acorn set size:undefined disposed:false
344 silly fetch manifest deep-eql@^4.1.3
345 silly packumentCache full:https://registry.npmjs.org/deep-eql cache-miss
346 http fetch GET 200 https://registry.npmjs.org/pathval 99ms (cache miss)
347 silly packumentCache full:https://registry.npmjs.org/pathval set size:undefined disposed:false
348 silly fetch manifest check-error@^1.0.3
349 silly packumentCache full:https://registry.npmjs.org/check-error cache-miss
350 http fetch GET 200 https://registry.npmjs.org/deep-eql 93ms (cache miss)
351 silly packumentCache full:https://registry.npmjs.org/deep-eql set size:undefined disposed:false
352 silly fetch manifest type-detect@^4.1.0
353 silly packumentCache full:https://registry.npmjs.org/type-detect cache-miss
354 http fetch GET 200 https://registry.npmjs.org/diff-sequences 464ms (cache miss)
355 silly packumentCache full:https://registry.npmjs.org/diff-sequences set size:undefined disposed:false
356 silly fetch manifest get-func-name@^2.0.2
357 silly packumentCache full:https://registry.npmjs.org/get-func-name cache-miss
358 http fetch GET 200 https://registry.npmjs.org/check-error 254ms (cache miss)
359 silly packumentCache full:https://registry.npmjs.org/check-error set size:undefined disposed:false
360 silly fetch manifest assertion-error@^1.1.0
361 silly packumentCache full:https://registry.npmjs.org/assertion-error cache-miss
362 http fetch GET 200 https://registry.npmjs.org/type-detect 328ms (cache miss)
363 silly packumentCache full:https://registry.npmjs.org/type-detect set size:undefined disposed:false
364 silly fetch manifest ms@^2.1.3
365 silly packumentCache full:https://registry.npmjs.org/ms cache-miss
366 http fetch GET 200 https://registry.npmjs.org/get-func-name 383ms (cache miss)
367 silly packumentCache full:https://registry.npmjs.org/get-func-name set size:undefined disposed:false
368 silly fetch manifest onetime@^6.0.0
369 silly packumentCache full:https://registry.npmjs.org/onetime cache-miss
370 http fetch GET 200 https://registry.npmjs.org/assertion-error 389ms (cache miss)
371 silly packumentCache full:https://registry.npmjs.org/assertion-error set size:undefined disposed:false
372 silly fetch manifest is-stream@^3.0.0
373 silly packumentCache full:https://registry.npmjs.org/is-stream cache-miss
374 http fetch GET 200 https://registry.npmjs.org/onetime 240ms (cache miss)
375 silly packumentCache full:https://registry.npmjs.org/onetime set size:undefined disposed:false
376 silly fetch manifest get-stream@^8.0.1
377 silly packumentCache full:https://registry.npmjs.org/get-stream cache-miss
378 http fetch GET 200 https://registry.npmjs.org/ms 270ms (cache miss)
379 silly packumentCache full:https://registry.npmjs.org/ms set size:undefined disposed:false
380 silly fetch manifest cross-spawn@^7.0.3
381 silly packumentCache full:https://registry.npmjs.org/cross-spawn cache-miss
382 http fetch GET 200 https://registry.npmjs.org/get-stream 88ms (cache miss)
383 silly packumentCache full:https://registry.npmjs.org/get-stream set size:undefined disposed:false
384 silly fetch manifest signal-exit@^4.1.0
385 silly packumentCache full:https://registry.npmjs.org/signal-exit cache-miss
386 http fetch GET 200 https://registry.npmjs.org/is-stream 168ms (cache miss)
387 silly packumentCache full:https://registry.npmjs.org/is-stream set size:undefined disposed:false
388 silly fetch manifest merge-stream@^2.0.0
389 silly packumentCache full:https://registry.npmjs.org/merge-stream cache-miss
390 http fetch GET 200 https://registry.npmjs.org/cross-spawn 119ms (cache miss)
391 silly packumentCache full:https://registry.npmjs.org/cross-spawn set size:undefined disposed:false
392 silly fetch manifest npm-run-path@^5.1.0
393 silly packumentCache full:https://registry.npmjs.org/npm-run-path cache-miss
394 http fetch GET 200 https://registry.npmjs.org/merge-stream 167ms (cache miss)
395 silly packumentCache full:https://registry.npmjs.org/merge-stream set size:undefined disposed:false
396 silly fetch manifest human-signals@^5.0.0
397 silly packumentCache full:https://registry.npmjs.org/human-signals cache-miss
398 http fetch GET 200 https://registry.npmjs.org/signal-exit 225ms (cache miss)
399 silly packumentCache full:https://registry.npmjs.org/signal-exit set size:undefined disposed:false
400 silly fetch manifest strip-final-newline@^3.0.0
401 silly packumentCache full:https://registry.npmjs.org/strip-final-newline cache-miss
402 http fetch GET 200 https://registry.npmjs.org/npm-run-path 240ms (cache miss)
403 silly packumentCache full:https://registry.npmjs.org/npm-run-path set size:undefined disposed:false
404 silly fetch manifest mlly@^1.7.3
405 silly packumentCache full:https://registry.npmjs.org/mlly cache-miss
406 http fetch GET 200 https://registry.npmjs.org/strip-final-newline 106ms (cache miss)
407 silly packumentCache full:https://registry.npmjs.org/strip-final-newline set size:undefined disposed:false
408 silly fetch manifest pkg-types@^1.2.1
409 silly packumentCache full:https://registry.npmjs.org/pkg-types cache-miss
410 http fetch GET 200 https://registry.npmjs.org/human-signals 178ms (cache miss)
411 silly packumentCache full:https://registry.npmjs.org/human-signals set size:undefined disposed:false
412 silly fetch manifest @jridgewell/sourcemap-codec@^1.5.5
413 silly packumentCache full:https://registry.npmjs.org/@jridgewell%2fsourcemap-codec cache-miss
414 http fetch GET 200 https://registry.npmjs.org/pkg-types 460ms (cache miss)
415 silly packumentCache full:https://registry.npmjs.org/pkg-types set size:undefined disposed:false
416 silly fetch manifest js-tokens@^9.0.1
417 silly packumentCache full:https://registry.npmjs.org/js-tokens cache-miss
418 http fetch GET 200 https://registry.npmjs.org/mlly 497ms (cache miss)
419 silly packumentCache full:https://registry.npmjs.org/mlly set size:undefined disposed:false
420 silly fetch manifest cac@^6.7.14
421 silly packumentCache full:https://registry.npmjs.org/cac cache-miss
422 http fetch GET 200 https://registry.npmjs.org/@jridgewell%2fsourcemap-codec 297ms (cache miss)
423 silly packumentCache full:https://registry.npmjs.org/@jridgewell%2fsourcemap-codec set size:undefined disposed:false
424 silly fetch manifest siginfo@^2.0.0
425 silly packumentCache full:https://registry.npmjs.org/siginfo cache-miss
426 http fetch GET 200 https://registry.npmjs.org/js-tokens 72ms (cache miss)
427 silly packumentCache full:https://registry.npmjs.org/js-tokens set size:undefined disposed:false
428 silly fetch manifest stackback@0.0.2
429 silly packumentCache full:https://registry.npmjs.org/stackback cache-miss
430 http fetch GET 200 https://registry.npmjs.org/cac 98ms (cache miss)
431 silly packumentCache full:https://registry.npmjs.org/cac set size:undefined disposed:false
432 http fetch GET 200 https://registry.npmjs.org/stackback 85ms (cache miss)
433 silly packumentCache full:https://registry.npmjs.org/stackback set size:undefined disposed:false
434 http fetch GET 200 https://registry.npmjs.org/siginfo 819ms (cache miss)
435 silly packumentCache full:https://registry.npmjs.org/siginfo set size:undefined disposed:false
436 silly placeDep ROOT p-limit@5.0.0 OK for: @vitest/runner@1.6.1 want: ^5.0.0
437 silly fetch manifest yocto-queue@^1.0.0
438 silly packumentCache full:https://registry.npmjs.org/yocto-queue cache-miss
439 http fetch GET 200 https://registry.npmjs.org/yocto-queue 64ms (cache miss)
440 silly packumentCache full:https://registry.npmjs.org/yocto-queue set size:undefined disposed:false
441 silly placeDep ROOT pretty-format@29.7.0 OK for: @vitest/snapshot@1.6.1 want: ^29.7.0
442 silly fetch manifest react-is@^18.0.0
443 silly packumentCache full:https://registry.npmjs.org/react-is cache-miss
444 silly fetch manifest ansi-styles@^5.0.0
445 silly packumentCache full:https://registry.npmjs.org/ansi-styles cache-miss
446 silly fetch manifest @jest/schemas@^29.6.3
447 silly packumentCache full:https://registry.npmjs.org/@jest%2fschemas cache-miss
448 http fetch GET 200 https://registry.npmjs.org/ansi-styles 285ms (cache miss)
449 silly packumentCache full:https://registry.npmjs.org/ansi-styles set size:undefined disposed:false
450 http fetch GET 200 https://registry.npmjs.org/react-is 750ms (cache miss)
451 silly packumentCache full:https://registry.npmjs.org/react-is set size:undefined disposed:false
452 http fetch GET 200 https://registry.npmjs.org/@jest%2fschemas 1216ms (cache miss)
453 silly packumentCache full:https://registry.npmjs.org/@jest%2fschemas set size:undefined disposed:false
454 silly placeDep ROOT tinyspy@2.2.1 OK for: @vitest/spy@1.6.1 want: ^2.2.0
455 silly placeDep ROOT diff-sequences@29.6.3 OK for: @vitest/utils@1.6.1 want: ^29.6.3
456 silly placeDep ROOT estree-walker@3.0.3 OK for: @vitest/utils@1.6.1 want: ^3.0.3
457 silly placeDep ROOT loupe@2.3.7 OK for: @vitest/utils@1.6.1 want: ^2.3.7
458 silly fetch manifest get-func-name@^2.0.1
459 silly packumentCache full:https://registry.npmjs.org/get-func-name cache-miss
460 http cache https://registry.npmjs.org/get-func-name 49ms (cache hit)
461 silly packumentCache full:https://registry.npmjs.org/get-func-name set size:19907 disposed:false
462 silly placeDep ROOT acorn@8.15.0 OK for: acorn-walk@8.3.4 want: ^8.11.0
463 silly placeDep ROOT assertion-error@1.1.0 OK for: chai@4.5.0 want: ^1.1.0
464 silly placeDep ROOT check-error@1.0.3 OK for: chai@4.5.0 want: ^1.0.3
465 silly placeDep ROOT deep-eql@4.1.4 OK for: chai@4.5.0 want: ^4.1.3
466 silly placeDep ROOT get-func-name@2.0.2 OK for: chai@4.5.0 want: ^2.0.2
467 silly placeDep ROOT pathval@1.1.1 OK for: chai@4.5.0 want: ^1.1.1
468 silly placeDep ROOT type-detect@4.1.0 OK for: chai@4.5.0 want: ^4.1.0
469 silly fetch manifest type-detect@^4.0.0
470 silly packumentCache full:https://registry.npmjs.org/type-detect cache-miss
471 http cache https://registry.npmjs.org/type-detect 109ms (cache hit)
472 silly packumentCache full:https://registry.npmjs.org/type-detect set size:58804 disposed:false
473 silly placeDep ROOT ms@2.1.3 OK for: debug@4.4.3 want: ^2.1.3
474 silly placeDep ROOT cross-spawn@7.0.6 OK for: execa@8.0.1 want: ^7.0.3
475 silly placeDep ROOT get-stream@8.0.1 OK for: execa@8.0.1 want: ^8.0.1
476 silly placeDep ROOT human-signals@5.0.0 OK for: execa@8.0.1 want: ^5.0.0
477 silly placeDep ROOT is-stream@3.0.0 OK for: execa@8.0.1 want: ^3.0.0
478 silly placeDep ROOT merge-stream@2.0.0 OK for: execa@8.0.1 want: ^2.0.0
479 silly placeDep ROOT npm-run-path@5.3.0 OK for: execa@8.0.1 want: ^5.1.0
480 silly placeDep ROOT onetime@6.0.0 OK for: execa@8.0.1 want: ^6.0.0
481 silly placeDep ROOT signal-exit@4.1.0 OK for: execa@8.0.1 want: ^4.1.0
482 silly placeDep ROOT strip-final-newline@3.0.0 OK for: execa@8.0.1 want: ^3.0.0
483 silly fetch manifest which@^2.0.1
484 silly packumentCache full:https://registry.npmjs.org/which cache-miss
485 silly fetch manifest path-key@^3.1.0
486 silly packumentCache full:https://registry.npmjs.org/path-key cache-miss
487 silly fetch manifest shebang-command@^2.0.0
488 silly packumentCache full:https://registry.npmjs.org/shebang-command cache-miss
489 http fetch GET 200 https://registry.npmjs.org/path-key 161ms (cache miss)
490 silly packumentCache full:https://registry.npmjs.org/path-key set size:undefined disposed:false
491 silly fetch manifest path-key@^4.0.0
492 silly packumentCache full:https://registry.npmjs.org/path-key cache-miss
493 http fetch GET 200 https://registry.npmjs.org/which 173ms (cache miss)
494 silly packumentCache full:https://registry.npmjs.org/which set size:undefined disposed:false
495 silly fetch manifest mimic-fn@^4.0.0
496 silly packumentCache full:https://registry.npmjs.org/mimic-fn cache-miss
497 http fetch GET 200 https://registry.npmjs.org/shebang-command 198ms (cache miss)
498 silly packumentCache full:https://registry.npmjs.org/shebang-command set size:undefined disposed:false
499 http cache https://registry.npmjs.org/path-key 57ms (cache hit)
500 silly packumentCache full:https://registry.npmjs.org/path-key set size:16975 disposed:false
501 http fetch GET 200 https://registry.npmjs.org/mimic-fn 92ms (cache miss)
502 silly packumentCache full:https://registry.npmjs.org/mimic-fn set size:undefined disposed:false
503 silly placeDep ROOT path-key@3.1.1 OK for: cross-spawn@7.0.6 want: ^3.1.0
504 silly placeDep ROOT shebang-command@2.0.0 OK for: cross-spawn@7.0.6 want: ^2.0.0
505 silly placeDep ROOT which@2.0.2 OK for: cross-spawn@7.0.6 want: ^2.0.1
506 silly fetch manifest shebang-regex@^3.0.0
507 silly packumentCache full:https://registry.npmjs.org/shebang-regex cache-miss
508 silly fetch manifest isexe@^2.0.0
509 silly packumentCache full:https://registry.npmjs.org/isexe cache-miss
510 http fetch GET 200 https://registry.npmjs.org/isexe 248ms (cache miss)
511 silly packumentCache full:https://registry.npmjs.org/isexe set size:undefined disposed:false
512 http fetch GET 200 https://registry.npmjs.org/shebang-regex 282ms (cache miss)
513 silly packumentCache full:https://registry.npmjs.org/shebang-regex set size:undefined disposed:false
514 silly placeDep ROOT mlly@1.8.0 OK for: local-pkg@0.5.1 want: ^1.7.3
515 silly placeDep ROOT pkg-types@1.3.1 OK for: local-pkg@0.5.1 want: ^1.2.1
516 silly fetch manifest pathe@^2.0.3
517 silly packumentCache full:https://registry.npmjs.org/pathe cache-miss
518 silly fetch manifest pkg-types@^1.3.1
519 silly packumentCache full:https://registry.npmjs.org/pkg-types cache-miss
520 silly fetch manifest ufo@^1.6.1
521 silly packumentCache full:https://registry.npmjs.org/ufo cache-miss
522 http cache https://registry.npmjs.org/pathe 100ms (cache hit)
523 silly packumentCache full:https://registry.npmjs.org/pathe set size:68788 disposed:false
524 silly fetch manifest pathe@^2.0.1
525 silly packumentCache full:https://registry.npmjs.org/pathe cache-hit
526 silly fetch manifest confbox@^0.1.8
527 silly packumentCache full:https://registry.npmjs.org/confbox cache-miss
528 http cache https://registry.npmjs.org/pkg-types 138ms (cache hit)
529 silly packumentCache full:https://registry.npmjs.org/pkg-types set size:85931 disposed:false
530 http fetch GET 200 https://registry.npmjs.org/ufo 148ms (cache miss)
531 silly packumentCache full:https://registry.npmjs.org/ufo set size:undefined disposed:false
532 http fetch GET 200 https://registry.npmjs.org/confbox 132ms (cache miss)
533 silly packumentCache full:https://registry.npmjs.org/confbox set size:undefined disposed:false
534 silly placeDep ROOT @jridgewell/sourcemap-codec@1.5.5 OK for: magic-string@0.30.19 want: ^1.5.5
535 silly placeDep node_modules/mlly pathe@2.0.3 OK for: mlly@1.8.0 want: ^2.0.3
536 silly placeDep ROOT ufo@1.6.1 OK for: mlly@1.8.0 want: ^1.6.1
537 silly placeDep node_modules/npm-run-path path-key@4.0.0 OK for: npm-run-path@5.3.0 want: ^4.0.0
538 silly placeDep ROOT mimic-fn@4.0.0 OK for: onetime@6.0.0 want: ^4.0.0
539 silly placeDep ROOT yocto-queue@1.2.1 OK for: p-limit@5.0.0 want: ^1.0.0
540 silly placeDep ROOT confbox@0.1.8 OK for: pkg-types@1.3.1 want: ^0.1.8
541 silly placeDep node_modules/pkg-types pathe@2.0.3 OK for: pkg-types@1.3.1 want: ^2.0.1
542 silly placeDep ROOT @jest/schemas@29.6.3 OK for: pretty-format@29.7.0 want: ^29.6.3
543 silly placeDep ROOT ansi-styles@5.2.0 OK for: pretty-format@29.7.0 want: ^5.0.0
544 silly placeDep ROOT react-is@18.3.1 OK for: pretty-format@29.7.0 want: ^18.0.0
545 silly fetch manifest @sinclair/typebox@^0.27.8
546 silly packumentCache full:https://registry.npmjs.org/@sinclair%2ftypebox cache-miss
547 http fetch GET 200 https://registry.npmjs.org/@sinclair%2ftypebox 2073ms (cache miss)
548 silly packumentCache full:https://registry.npmjs.org/@sinclair%2ftypebox set size:undefined disposed:false
549 silly placeDep ROOT @sinclair/typebox@0.27.8 OK for: @jest/schemas@29.6.3 want: ^0.27.8
550 silly placeDep ROOT shebang-regex@3.0.0 OK for: shebang-command@2.0.0 want: ^3.0.0
551 silly placeDep ROOT js-tokens@9.0.1 OK for: strip-literal@2.1.1 want: ^9.0.1
552 silly placeDep ROOT cac@6.7.14 OK for: vite-node@1.6.1 want: ^6.7.14
553 silly placeDep ROOT isexe@2.0.0 OK for: which@2.0.2 want: ^2.0.0
554 silly placeDep ROOT siginfo@2.0.0 OK for: why-is-node-running@2.3.0 want: ^2.0.0
555 silly placeDep ROOT stackback@0.0.2 OK for: why-is-node-running@2.3.0 want: 0.0.2
556 silly reify moves {}
557 silly audit bulk request {
557 silly audit   '@esbuild/aix-ppc64': [ '0.21.5' ],
557 silly audit   '@esbuild/android-arm': [ '0.21.5' ],
557 silly audit   '@esbuild/android-arm64': [ '0.21.5' ],
557 silly audit   '@esbuild/android-x64': [ '0.21.5' ],
557 silly audit   '@esbuild/darwin-arm64': [ '0.21.5' ],
557 silly audit   '@esbuild/darwin-x64': [ '0.21.5' ],
557 silly audit   '@esbuild/freebsd-arm64': [ '0.21.5' ],
557 silly audit   '@esbuild/freebsd-x64': [ '0.21.5' ],
557 silly audit   '@esbuild/linux-arm': [ '0.21.5' ],
557 silly audit   '@esbuild/linux-arm64': [ '0.21.5' ],
557 silly audit   '@esbuild/linux-ia32': [ '0.21.5' ],
557 silly audit   '@esbuild/linux-loong64': [ '0.21.5' ],
557 silly audit   '@esbuild/linux-mips64el': [ '0.21.5' ],
557 silly audit   '@esbuild/linux-ppc64': [ '0.21.5' ],
557 silly audit   '@esbuild/linux-riscv64': [ '0.21.5' ],
557 silly audit   '@esbuild/linux-s390x': [ '0.21.5' ],
557 silly audit   '@esbuild/linux-x64': [ '0.21.5' ],
557 silly audit   '@esbuild/netbsd-x64': [ '0.21.5' ],
557 silly audit   '@esbuild/openbsd-x64': [ '0.21.5' ],
557 silly audit   '@esbuild/sunos-x64': [ '0.21.5' ],
557 silly audit   '@esbuild/win32-arm64': [ '0.21.5' ],
557 silly audit   '@esbuild/win32-ia32': [ '0.21.5' ],
557 silly audit   '@esbuild/win32-x64': [ '0.21.5' ],
557 silly audit   '@rollup/rollup-android-arm-eabi': [ '4.50.1' ],
557 silly audit   '@rollup/rollup-android-arm64': [ '4.50.1' ],
557 silly audit   '@rollup/rollup-darwin-arm64': [ '4.50.1' ],
557 silly audit   '@rollup/rollup-darwin-x64': [ '4.50.1' ],
557 silly audit   '@rollup/rollup-freebsd-arm64': [ '4.50.1' ],
557 silly audit   '@rollup/rollup-freebsd-x64': [ '4.50.1' ],
557 silly audit   '@rollup/rollup-linux-arm-gnueabihf': [ '4.50.1' ],
557 silly audit   '@rollup/rollup-linux-arm-musleabihf': [ '4.50.1' ],
557 silly audit   '@rollup/rollup-linux-arm64-gnu': [ '4.50.1' ],
557 silly audit   '@rollup/rollup-linux-arm64-musl': [ '4.50.1' ],
557 silly audit   '@rollup/rollup-linux-loongarch64-gnu': [ '4.50.1' ],
557 silly audit   '@rollup/rollup-linux-ppc64-gnu': [ '4.50.1' ],
557 silly audit   '@rollup/rollup-linux-riscv64-gnu': [ '4.50.1' ],
557 silly audit   '@rollup/rollup-linux-riscv64-musl': [ '4.50.1' ],
557 silly audit   '@rollup/rollup-linux-s390x-gnu': [ '4.50.1' ],
557 silly audit   '@rollup/rollup-linux-x64-gnu': [ '4.50.1' ],
557 silly audit   '@rollup/rollup-linux-x64-musl': [ '4.50.1' ],
557 silly audit   '@rollup/rollup-openharmony-arm64': [ '4.50.1' ],
557 silly audit   '@rollup/rollup-win32-arm64-msvc': [ '4.50.1' ],
557 silly audit   '@rollup/rollup-win32-ia32-msvc': [ '4.50.1' ],
557 silly audit   '@rollup/rollup-win32-x64-msvc': [ '4.50.1' ],
557 silly audit   '@types/estree': [ '1.0.8' ],
557 silly audit   '@types/node': [ '22.18.3' ],
557 silly audit   esbuild: [ '0.21.5' ],
557 silly audit   eventemitter3: [ '5.0.1' ],
557 silly audit   fsevents: [ '2.3.3' ],
557 silly audit   nanoid: [ '3.3.11' ],
557 silly audit   phaser: [ '3.90.0' ],
557 silly audit   picocolors: [ '1.1.1' ],
557 silly audit   postcss: [ '8.5.6' ],
557 silly audit   rollup: [ '4.50.1' ],
557 silly audit   'source-map-js': [ '1.2.1' ],
557 silly audit   typescript: [ '5.9.2' ],
557 silly audit   'undici-types': [ '6.21.0' ],
557 silly audit   vite: [ '5.4.20' ],
557 silly audit   'vite-plugin-static-copy': [ '3.1.2' ],
557 silly audit   vitest: [ '1.6.1' ],
557 silly audit   chokidar: [ '3.6.0' ],
557 silly audit   'fs-extra': [ '11.3.2' ],
557 silly audit   'p-map': [ '7.0.3' ],
557 silly audit   tinyglobby: [ '0.2.15' ],
557 silly audit   anymatch: [ '3.1.3' ],
557 silly audit   braces: [ '3.0.3' ],
557 silly audit   'glob-parent': [ '5.1.2' ],
557 silly audit   'is-binary-path': [ '2.1.0' ],
557 silly audit   'is-glob': [ '4.0.3' ],
557 silly audit   'normalize-path': [ '3.0.0' ],
557 silly audit   readdirp: [ '3.6.0' ],
557 silly audit   picomatch: [ '2.3.1', '4.0.3' ],
557 silly audit   'fill-range': [ '7.1.1' ],
557 silly audit   'to-regex-range': [ '5.0.1' ],
557 silly audit   'graceful-fs': [ '4.2.11' ],
557 silly audit   jsonfile: [ '6.2.0' ],
557 silly audit   universalify: [ '2.0.1' ],
557 silly audit   'binary-extensions': [ '2.3.0' ],
557 silly audit   'is-extglob': [ '2.1.1' ],
557 silly audit   fdir: [ '6.5.0' ],
557 silly audit   'is-number': [ '7.0.0' ],
557 silly audit   '@vitest/expect': [ '1.6.1' ],
557 silly audit   '@vitest/runner': [ '1.6.1' ],
557 silly audit   '@vitest/snapshot': [ '1.6.1' ],
557 silly audit   '@vitest/spy': [ '1.6.1' ],
557 silly audit   '@vitest/utils': [ '1.6.1' ],
557 silly audit   'acorn-walk': [ '8.3.4' ],
557 silly audit   chai: [ '4.5.0' ],
557 silly audit   debug: [ '4.4.3' ],
557 silly audit   execa: [ '8.0.1' ],
557 silly audit   'local-pkg': [ '0.5.1' ],
557 silly audit   'magic-string': [ '0.30.19' ],
557 silly audit   pathe: [ '1.1.2', '2.0.3' ],
557 silly audit   'std-env': [ '3.9.0' ],
557 silly audit   'strip-literal': [ '2.1.1' ],
557 silly audit   tinybench: [ '2.9.0' ],
557 silly audit   tinypool: [ '0.8.4' ],
557 silly audit   'vite-node': [ '1.6.1' ],
557 silly audit   'why-is-node-running': [ '2.3.0' ],
557 silly audit   'p-limit': [ '5.0.0' ],
557 silly audit   'pretty-format': [ '29.7.0' ],
557 silly audit   tinyspy: [ '2.2.1' ],
557 silly audit   'diff-sequences': [ '29.6.3' ],
557 silly audit   'estree-walker': [ '3.0.3' ],
557 silly audit   loupe: [ '2.3.7' ],
557 silly audit   acorn: [ '8.15.0' ],
557 silly audit   'assertion-error': [ '1.1.0' ],
557 silly audit   'check-error': [ '1.0.3' ],
557 silly audit   'deep-eql': [ '4.1.4' ],
557 silly audit   'get-func-name': [ '2.0.2' ],
557 silly audit   pathval: [ '1.1.1' ],
557 silly audit   'type-detect': [ '4.1.0' ],
557 silly audit   ms: [ '2.1.3' ],
557 silly audit   'cross-spawn': [ '7.0.6' ],
557 silly audit   'get-stream': [ '8.0.1' ],
557 silly audit   'human-signals': [ '5.0.0' ],
557 silly audit   'is-stream': [ '3.0.0' ],
557 silly audit   'merge-stream': [ '2.0.0' ],
557 silly audit   'npm-run-path': [ '5.3.0' ],
557 silly audit   onetime: [ '6.0.0' ],
557 silly audit   'signal-exit': [ '4.1.0' ],
557 silly audit   'strip-final-newline': [ '3.0.0' ],
557 silly audit   'path-key': [ '3.1.1', '4.0.0' ],
557 silly audit   'shebang-command': [ '2.0.0' ],
557 silly audit   which: [ '2.0.2' ],
557 silly audit   mlly: [ '1.8.0' ],
557 silly audit   'pkg-types': [ '1.3.1' ],
557 silly audit   '@jridgewell/sourcemap-codec': [ '1.5.5' ],
557 silly audit   ufo: [ '1.6.1' ],
557 silly audit   'mimic-fn': [ '4.0.0' ],
557 silly audit   'yocto-queue': [ '1.2.1' ],
557 silly audit   confbox: [ '0.1.8' ],
557 silly audit   '@jest/schemas': [ '29.6.3' ],
557 silly audit   'ansi-styles': [ '5.2.0' ],
557 silly audit   'react-is': [ '18.3.1' ],
557 silly audit   '@sinclair/typebox': [ '0.27.8' ],
557 silly audit   'shebang-regex': [ '3.0.0' ],
557 silly audit   'js-tokens': [ '9.0.1' ],
557 silly audit   cac: [ '6.7.14' ],
557 silly audit   isexe: [ '2.0.0' ],
557 silly audit   siginfo: [ '2.0.0' ],
557 silly audit   stackback: [ '0.0.2' ]
557 silly audit }
558 verbose reify failed optional dependency /Users/rickardzakrisson/Desktop/code/Beat-Blaster/node_modules/@rollup/rollup-win32-x64-msvc
559 silly reify mark deleted [
559 silly reify   '/Users/rickardzakrisson/Desktop/code/Beat-Blaster/node_modules/@rollup/rollup-win32-x64-msvc'
559 silly reify ]
560 verbose reify failed optional dependency /Users/rickardzakrisson/Desktop/code/Beat-Blaster/node_modules/@rollup/rollup-win32-ia32-msvc
561 silly reify mark deleted [
561 silly reify   '/Users/rickardzakrisson/Desktop/code/Beat-Blaster/node_modules/@rollup/rollup-win32-ia32-msvc'
561 silly reify ]
562 verbose reify failed optional dependency /Users/rickardzakrisson/Desktop/code/Beat-Blaster/node_modules/@rollup/rollup-win32-arm64-msvc
563 silly reify mark deleted [
563 silly reify   '/Users/rickardzakrisson/Desktop/code/Beat-Blaster/node_modules/@rollup/rollup-win32-arm64-msvc'
563 silly reify ]
564 verbose reify failed optional dependency /Users/rickardzakrisson/Desktop/code/Beat-Blaster/node_modules/@rollup/rollup-openharmony-arm64
565 silly reify mark deleted [
565 silly reify   '/Users/rickardzakrisson/Desktop/code/Beat-Blaster/node_modules/@rollup/rollup-openharmony-arm64'
565 silly reify ]
566 verbose reify failed optional dependency /Users/rickardzakrisson/Desktop/code/Beat-Blaster/node_modules/@rollup/rollup-linux-x64-musl
567 silly reify mark deleted [
567 silly reify   '/Users/rickardzakrisson/Desktop/code/Beat-Blaster/node_modules/@rollup/rollup-linux-x64-musl'
567 silly reify ]
568 verbose reify failed optional dependency /Users/rickardzakrisson/Desktop/code/Beat-Blaster/node_modules/@rollup/rollup-linux-x64-gnu
569 silly reify mark deleted [
569 silly reify   '/Users/rickardzakrisson/Desktop/code/Beat-Blaster/node_modules/@rollup/rollup-linux-x64-gnu'
569 silly reify ]
570 verbose reify failed optional dependency /Users/rickardzakrisson/Desktop/code/Beat-Blaster/node_modules/@rollup/rollup-linux-s390x-gnu
571 silly reify mark deleted [
571 silly reify   '/Users/rickardzakrisson/Desktop/code/Beat-Blaster/node_modules/@rollup/rollup-linux-s390x-gnu'
571 silly reify ]
572 verbose reify failed optional dependency /Users/rickardzakrisson/Desktop/code/Beat-Blaster/node_modules/@rollup/rollup-linux-riscv64-musl
573 silly reify mark deleted [
573 silly reify   '/Users/rickardzakrisson/Desktop/code/Beat-Blaster/node_modules/@rollup/rollup-linux-riscv64-musl'
573 silly reify ]
574 verbose reify failed optional dependency /Users/rickardzakrisson/Desktop/code/Beat-Blaster/node_modules/@rollup/rollup-linux-riscv64-gnu
575 silly reify mark deleted [
575 silly reify   '/Users/rickardzakrisson/Desktop/code/Beat-Blaster/node_modules/@rollup/rollup-linux-riscv64-gnu'
575 silly reify ]
576 verbose reify failed optional dependency /Users/rickardzakrisson/Desktop/code/Beat-Blaster/node_modules/@rollup/rollup-linux-ppc64-gnu
577 silly reify mark deleted [
577 silly reify   '/Users/rickardzakrisson/Desktop/code/Beat-Blaster/node_modules/@rollup/rollup-linux-ppc64-gnu'
577 silly reify ]
578 verbose reify failed optional dependency /Users/rickardzakrisson/Desktop/code/Beat-Blaster/node_modules/@rollup/rollup-linux-loongarch64-gnu
579 silly reify mark deleted [
579 silly reify   '/Users/rickardzakrisson/Desktop/code/Beat-Blaster/node_modules/@rollup/rollup-linux-loongarch64-gnu'
579 silly reify ]
580 verbose reify failed optional dependency /Users/rickardzakrisson/Desktop/code/Beat-Blaster/node_modules/@rollup/rollup-linux-arm64-musl
581 silly reify mark deleted [
581 silly reify   '/Users/rickardzakrisson/Desktop/code/Beat-Blaster/node_modules/@rollup/rollup-linux-arm64-musl'
581 silly reify ]
582 verbose reify failed optional dependency /Users/rickardzakrisson/Desktop/code/Beat-Blaster/node_modules/@rollup/rollup-linux-arm64-gnu
583 silly reify mark deleted [
583 silly reify   '/Users/rickardzakrisson/Desktop/code/Beat-Blaster/node_modules/@rollup/rollup-linux-arm64-gnu'
583 silly reify ]
584 verbose reify failed optional dependency /Users/rickardzakrisson/Desktop/code/Beat-Blaster/node_modules/@rollup/rollup-linux-arm-musleabihf
585 silly reify mark deleted [
585 silly reify   '/Users/rickardzakrisson/Desktop/code/Beat-Blaster/node_modules/@rollup/rollup-linux-arm-musleabihf'
585 silly reify ]
586 verbose reify failed optional dependency /Users/rickardzakrisson/Desktop/code/Beat-Blaster/node_modules/@rollup/rollup-linux-arm-gnueabihf
587 silly reify mark deleted [
587 silly reify   '/Users/rickardzakrisson/Desktop/code/Beat-Blaster/node_modules/@rollup/rollup-linux-arm-gnueabihf'
587 silly reify ]
588 verbose reify failed optional dependency /Users/rickardzakrisson/Desktop/code/Beat-Blaster/node_modules/@rollup/rollup-freebsd-x64
589 silly reify mark deleted [
589 silly reify   '/Users/rickardzakrisson/Desktop/code/Beat-Blaster/node_modules/@rollup/rollup-freebsd-x64'
589 silly reify ]
590 verbose reify failed optional dependency /Users/rickardzakrisson/Desktop/code/Beat-Blaster/node_modules/@rollup/rollup-freebsd-arm64
591 silly reify mark deleted [
591 silly reify   '/Users/rickardzakrisson/Desktop/code/Beat-Blaster/node_modules/@rollup/rollup-freebsd-arm64'
591 silly reify ]
592 verbose reify failed optional dependency /Users/rickardzakrisson/Desktop/code/Beat-Blaster/node_modules/@rollup/rollup-darwin-arm64
593 silly reify mark deleted [
593 silly reify   '/Users/rickardzakrisson/Desktop/code/Beat-Blaster/node_modules/@rollup/rollup-darwin-arm64'
593 silly reify ]
594 verbose reify failed optional dependency /Users/rickardzakrisson/Desktop/code/Beat-Blaster/node_modules/@rollup/rollup-android-arm64
595 silly reify mark deleted [
595 silly reify   '/Users/rickardzakrisson/Desktop/code/Beat-Blaster/node_modules/@rollup/rollup-android-arm64'
595 silly reify ]
596 verbose reify failed optional dependency /Users/rickardzakrisson/Desktop/code/Beat-Blaster/node_modules/@rollup/rollup-android-arm-eabi
597 silly reify mark deleted [
597 silly reify   '/Users/rickardzakrisson/Desktop/code/Beat-Blaster/node_modules/@rollup/rollup-android-arm-eabi'
597 silly reify ]
598 verbose reify failed optional dependency /Users/rickardzakrisson/Desktop/code/Beat-Blaster/node_modules/@esbuild/win32-x64
599 silly reify mark deleted [
599 silly reify   '/Users/rickardzakrisson/Desktop/code/Beat-Blaster/node_modules/@esbuild/win32-x64'
599 silly reify ]
600 verbose reify failed optional dependency /Users/rickardzakrisson/Desktop/code/Beat-Blaster/node_modules/@esbuild/win32-ia32
601 silly reify mark deleted [
601 silly reify   '/Users/rickardzakrisson/Desktop/code/Beat-Blaster/node_modules/@esbuild/win32-ia32'
601 silly reify ]
602 verbose reify failed optional dependency /Users/rickardzakrisson/Desktop/code/Beat-Blaster/node_modules/@esbuild/win32-arm64
603 silly reify mark deleted [
603 silly reify   '/Users/rickardzakrisson/Desktop/code/Beat-Blaster/node_modules/@esbuild/win32-arm64'
603 silly reify ]
604 verbose reify failed optional dependency /Users/rickardzakrisson/Desktop/code/Beat-Blaster/node_modules/@esbuild/sunos-x64
605 silly reify mark deleted [
605 silly reify   '/Users/rickardzakrisson/Desktop/code/Beat-Blaster/node_modules/@esbuild/sunos-x64'
605 silly reify ]
606 verbose reify failed optional dependency /Users/rickardzakrisson/Desktop/code/Beat-Blaster/node_modules/@esbuild/openbsd-x64
607 silly reify mark deleted [
607 silly reify   '/Users/rickardzakrisson/Desktop/code/Beat-Blaster/node_modules/@esbuild/openbsd-x64'
607 silly reify ]
608 verbose reify failed optional dependency /Users/rickardzakrisson/Desktop/code/Beat-Blaster/node_modules/@esbuild/netbsd-x64
609 silly reify mark deleted [
609 silly reify   '/Users/rickardzakrisson/Desktop/code/Beat-Blaster/node_modules/@esbuild/netbsd-x64'
609 silly reify ]
610 verbose reify failed optional dependency /Users/rickardzakrisson/Desktop/code/Beat-Blaster/node_modules/@esbuild/linux-x64
611 silly reify mark deleted [
611 silly reify   '/Users/rickardzakrisson/Desktop/code/Beat-Blaster/node_modules/@esbuild/linux-x64'
611 silly reify ]
612 verbose reify failed optional dependency /Users/rickardzakrisson/Desktop/code/Beat-Blaster/node_modules/@esbuild/linux-s390x
613 silly reify mark deleted [
613 silly reify   '/Users/rickardzakrisson/Desktop/code/Beat-Blaster/node_modules/@esbuild/linux-s390x'
613 silly reify ]
614 verbose reify failed optional dependency /Users/rickardzakrisson/Desktop/code/Beat-Blaster/node_modules/@esbuild/linux-riscv64
615 silly reify mark deleted [
615 silly reify   '/Users/rickardzakrisson/Desktop/code/Beat-Blaster/node_modules/@esbuild/linux-riscv64'
615 silly reify ]
616 verbose reify failed optional dependency /Users/rickardzakrisson/Desktop/code/Beat-Blaster/node_modules/@esbuild/linux-ppc64
617 silly reify mark deleted [
617 silly reify   '/Users/rickardzakrisson/Desktop/code/Beat-Blaster/node_modules/@esbuild/linux-ppc64'
617 silly reify ]
618 verbose reify failed optional dependency /Users/rickardzakrisson/Desktop/code/Beat-Blaster/node_modules/@esbuild/linux-mips64el
619 silly reify mark deleted [
619 silly reify   '/Users/rickardzakrisson/Desktop/code/Beat-Blaster/node_modules/@esbuild/linux-mips64el'
619 silly reify ]
620 verbose reify failed optional dependency /Users/rickardzakrisson/Desktop/code/Beat-Blaster/node_modules/@esbuild/linux-loong64
621 silly reify mark deleted [
621 silly reify   '/Users/rickardzakrisson/Desktop/code/Beat-Blaster/node_modules/@esbuild/linux-loong64'
621 silly reify ]
622 verbose reify failed optional dependency /Users/rickardzakrisson/Desktop/code/Beat-Blaster/node_modules/@esbuild/linux-ia32
623 silly reify mark deleted [
623 silly reify   '/Users/rickardzakrisson/Desktop/code/Beat-Blaster/node_modules/@esbuild/linux-ia32'
623 silly reify ]
624 verbose reify failed optional dependency /Users/rickardzakrisson/Desktop/code/Beat-Blaster/node_modules/@esbuild/linux-arm64
625 silly reify mark deleted [
625 silly reify   '/Users/rickardzakrisson/Desktop/code/Beat-Blaster/node_modules/@esbuild/linux-arm64'
625 silly reify ]
626 verbose reify failed optional dependency /Users/rickardzakrisson/Desktop/code/Beat-Blaster/node_modules/@esbuild/linux-arm
627 silly reify mark deleted [
627 silly reify   '/Users/rickardzakrisson/Desktop/code/Beat-Blaster/node_modules/@esbuild/linux-arm'
627 silly reify ]
628 verbose reify failed optional dependency /Users/rickardzakrisson/Desktop/code/Beat-Blaster/node_modules/@esbuild/freebsd-x64
629 silly reify mark deleted [
629 silly reify   '/Users/rickardzakrisson/Desktop/code/Beat-Blaster/node_modules/@esbuild/freebsd-x64'
629 silly reify ]
630 verbose reify failed optional dependency /Users/rickardzakrisson/Desktop/code/Beat-Blaster/node_modules/@esbuild/freebsd-arm64
631 silly reify mark deleted [
631 silly reify   '/Users/rickardzakrisson/Desktop/code/Beat-Blaster/node_modules/@esbuild/freebsd-arm64'
631 silly reify ]
632 verbose reify failed optional dependency /Users/rickardzakrisson/Desktop/code/Beat-Blaster/node_modules/@esbuild/darwin-arm64
633 silly reify mark deleted [
633 silly reify   '/Users/rickardzakrisson/Desktop/code/Beat-Blaster/node_modules/@esbuild/darwin-arm64'
633 silly reify ]
634 verbose reify failed optional dependency /Users/rickardzakrisson/Desktop/code/Beat-Blaster/node_modules/@esbuild/android-x64
635 silly reify mark deleted [
635 silly reify   '/Users/rickardzakrisson/Desktop/code/Beat-Blaster/node_modules/@esbuild/android-x64'
635 silly reify ]
636 verbose reify failed optional dependency /Users/rickardzakrisson/Desktop/code/Beat-Blaster/node_modules/@esbuild/android-arm64
637 silly reify mark deleted [
637 silly reify   '/Users/rickardzakrisson/Desktop/code/Beat-Blaster/node_modules/@esbuild/android-arm64'
637 silly reify ]
638 verbose reify failed optional dependency /Users/rickardzakrisson/Desktop/code/Beat-Blaster/node_modules/@esbuild/android-arm
639 silly reify mark deleted [
639 silly reify   '/Users/rickardzakrisson/Desktop/code/Beat-Blaster/node_modules/@esbuild/android-arm'
639 silly reify ]
640 verbose reify failed optional dependency /Users/rickardzakrisson/Desktop/code/Beat-Blaster/node_modules/@esbuild/aix-ppc64
641 silly reify mark deleted [
641 silly reify   '/Users/rickardzakrisson/Desktop/code/Beat-Blaster/node_modules/@esbuild/aix-ppc64'
641 silly reify ]
642 http cache stackback@https://registry.npmjs.org/stackback/-/stackback-0.0.2.tgz 0ms (cache hit)
643 http cache siginfo@https://registry.npmjs.org/siginfo/-/siginfo-2.0.0.tgz 0ms (cache hit)
644 http cache isexe@https://registry.npmjs.org/isexe/-/isexe-2.0.0.tgz 0ms (cache hit)
645 http cache cac@https://registry.npmjs.org/cac/-/cac-6.7.14.tgz 0ms (cache hit)
646 http cache js-tokens@https://registry.npmjs.org/js-tokens/-/js-tokens-9.0.1.tgz 0ms (cache hit)
647 http cache shebang-regex@https://registry.npmjs.org/shebang-regex/-/shebang-regex-3.0.0.tgz 1ms (cache hit)
648 http cache @sinclair/typebox@https://registry.npmjs.org/@sinclair/typebox/-/typebox-0.27.8.tgz 0ms (cache hit)
649 http cache react-is@https://registry.npmjs.org/react-is/-/react-is-18.3.1.tgz 0ms (cache hit)
650 http cache ansi-styles@https://registry.npmjs.org/ansi-styles/-/ansi-styles-5.2.0.tgz 1ms (cache hit)
651 http cache confbox@https://registry.npmjs.org/confbox/-/confbox-0.1.8.tgz 0ms (cache hit)
652 http cache mimic-fn@https://registry.npmjs.org/mimic-fn/-/mimic-fn-4.0.0.tgz 0ms (cache hit)
653 http cache @jest/schemas@https://registry.npmjs.org/@jest/schemas/-/schemas-29.6.3.tgz 0ms (cache hit)
654 http cache yocto-queue@https://registry.npmjs.org/yocto-queue/-/yocto-queue-1.2.1.tgz 0ms (cache hit)
655 http cache ufo@https://registry.npmjs.org/ufo/-/ufo-1.6.1.tgz 0ms (cache hit)
656 http cache @jridgewell/sourcemap-codec@https://registry.npmjs.org/@jridgewell/sourcemap-codec/-/sourcemap-codec-1.5.5.tgz 3ms (cache hit)
657 http cache which@https://registry.npmjs.org/which/-/which-2.0.2.tgz 0ms (cache hit)
658 http cache mlly@https://registry.npmjs.org/mlly/-/mlly-1.8.0.tgz 0ms (cache hit)
659 http cache shebang-command@https://registry.npmjs.org/shebang-command/-/shebang-command-2.0.0.tgz 0ms (cache hit)
660 http cache path-key@https://registry.npmjs.org/path-key/-/path-key-3.1.1.tgz 0ms (cache hit)
661 http cache signal-exit@https://registry.npmjs.org/signal-exit/-/signal-exit-4.1.0.tgz 0ms (cache hit)
662 http cache strip-final-newline@https://registry.npmjs.org/strip-final-newline/-/strip-final-newline-3.0.0.tgz 1ms (cache hit)
663 http cache onetime@https://registry.npmjs.org/onetime/-/onetime-6.0.0.tgz 0ms (cache hit)
664 http cache npm-run-path@https://registry.npmjs.org/npm-run-path/-/npm-run-path-5.3.0.tgz 0ms (cache hit)
665 http cache merge-stream@https://registry.npmjs.org/merge-stream/-/merge-stream-2.0.0.tgz 0ms (cache hit)
666 http cache human-signals@https://registry.npmjs.org/human-signals/-/human-signals-5.0.0.tgz 0ms (cache hit)
667 http cache is-stream@https://registry.npmjs.org/is-stream/-/is-stream-3.0.0.tgz 0ms (cache hit)
668 http cache get-stream@https://registry.npmjs.org/get-stream/-/get-stream-8.0.1.tgz 1ms (cache hit)
669 http cache ms@https://registry.npmjs.org/ms/-/ms-2.1.3.tgz 0ms (cache hit)
670 http cache type-detect@https://registry.npmjs.org/type-detect/-/type-detect-4.1.0.tgz 0ms (cache hit)
671 http cache pathval@https://registry.npmjs.org/pathval/-/pathval-1.1.1.tgz 0ms (cache hit)
672 http cache get-func-name@https://registry.npmjs.org/get-func-name/-/get-func-name-2.0.2.tgz 0ms (cache hit)
673 http cache deep-eql@https://registry.npmjs.org/deep-eql/-/deep-eql-4.1.4.tgz 0ms (cache hit)
674 http cache check-error@https://registry.npmjs.org/check-error/-/check-error-1.0.3.tgz 0ms (cache hit)
675 http cache cross-spawn@https://registry.npmjs.org/cross-spawn/-/cross-spawn-7.0.6.tgz 0ms (cache hit)
676 http cache assertion-error@https://registry.npmjs.org/assertion-error/-/assertion-error-1.1.0.tgz 0ms (cache hit)
677 http cache acorn@https://registry.npmjs.org/acorn/-/acorn-8.15.0.tgz 0ms (cache hit)
678 http cache loupe@https://registry.npmjs.org/loupe/-/loupe-2.3.7.tgz 0ms (cache hit)
679 http cache estree-walker@https://registry.npmjs.org/estree-walker/-/estree-walker-3.0.3.tgz 1ms (cache hit)
680 http cache diff-sequences@https://registry.npmjs.org/diff-sequences/-/diff-sequences-29.6.3.tgz 0ms (cache hit)
681 http cache tinyspy@https://registry.npmjs.org/tinyspy/-/tinyspy-2.2.1.tgz 0ms (cache hit)
682 http cache pretty-format@https://registry.npmjs.org/pretty-format/-/pretty-format-29.7.0.tgz 0ms (cache hit)
683 http cache p-limit@https://registry.npmjs.org/p-limit/-/p-limit-5.0.0.tgz 1ms (cache hit)
684 http cache why-is-node-running@https://registry.npmjs.org/why-is-node-running/-/why-is-node-running-2.3.0.tgz 0ms (cache hit)
685 http cache vite-node@https://registry.npmjs.org/vite-node/-/vite-node-1.6.1.tgz 0ms (cache hit)
686 http cache tinypool@https://registry.npmjs.org/tinypool/-/tinypool-0.8.4.tgz 0ms (cache hit)
687 http cache tinybench@https://registry.npmjs.org/tinybench/-/tinybench-2.9.0.tgz 0ms (cache hit)
688 http cache strip-literal@https://registry.npmjs.org/strip-literal/-/strip-literal-2.1.1.tgz 0ms (cache hit)
689 http cache std-env@https://registry.npmjs.org/std-env/-/std-env-3.9.0.tgz 0ms (cache hit)
690 http cache pathe@https://registry.npmjs.org/pathe/-/pathe-1.1.2.tgz 0ms (cache hit)
691 http cache magic-string@https://registry.npmjs.org/magic-string/-/magic-string-0.30.19.tgz 0ms (cache hit)
692 http cache local-pkg@https://registry.npmjs.org/local-pkg/-/local-pkg-0.5.1.tgz 0ms (cache hit)
693 http cache execa@https://registry.npmjs.org/execa/-/execa-8.0.1.tgz 0ms (cache hit)
694 http cache debug@https://registry.npmjs.org/debug/-/debug-4.4.3.tgz 0ms (cache hit)
695 http cache chai@https://registry.npmjs.org/chai/-/chai-4.5.0.tgz 0ms (cache hit)
696 http cache acorn-walk@https://registry.npmjs.org/acorn-walk/-/acorn-walk-8.3.4.tgz 0ms (cache hit)
697 http cache @vitest/utils@https://registry.npmjs.org/@vitest/utils/-/utils-1.6.1.tgz 0ms (cache hit)
698 http cache @vitest/spy@https://registry.npmjs.org/@vitest/spy/-/spy-1.6.1.tgz 0ms (cache hit)
699 http cache @vitest/snapshot@https://registry.npmjs.org/@vitest/snapshot/-/snapshot-1.6.1.tgz 0ms (cache hit)
700 http cache @vitest/expect@https://registry.npmjs.org/@vitest/expect/-/expect-1.6.1.tgz 0ms (cache hit)
701 http cache @vitest/runner@https://registry.npmjs.org/@vitest/runner/-/runner-1.6.1.tgz 0ms (cache hit)
702 http cache is-number@https://registry.npmjs.org/is-number/-/is-number-7.0.0.tgz 0ms (cache hit)
703 http cache is-extglob@https://registry.npmjs.org/is-extglob/-/is-extglob-2.1.1.tgz 0ms (cache hit)
704 http cache universalify@https://registry.npmjs.org/universalify/-/universalify-2.0.1.tgz 0ms (cache hit)
705 http cache binary-extensions@https://registry.npmjs.org/binary-extensions/-/binary-extensions-2.3.0.tgz 0ms (cache hit)
706 http cache graceful-fs@https://registry.npmjs.org/graceful-fs/-/graceful-fs-4.2.11.tgz 0ms (cache hit)
707 http cache jsonfile@https://registry.npmjs.org/jsonfile/-/jsonfile-6.2.0.tgz 0ms (cache hit)
708 http cache to-regex-range@https://registry.npmjs.org/to-regex-range/-/to-regex-range-5.0.1.tgz 0ms (cache hit)
709 http cache picomatch@https://registry.npmjs.org/picomatch/-/picomatch-2.3.1.tgz 0ms (cache hit)
710 http cache fill-range@https://registry.npmjs.org/fill-range/-/fill-range-7.1.1.tgz 0ms (cache hit)
711 http cache readdirp@https://registry.npmjs.org/readdirp/-/readdirp-3.6.0.tgz 0ms (cache hit)
712 http cache normalize-path@https://registry.npmjs.org/normalize-path/-/normalize-path-3.0.0.tgz 0ms (cache hit)
713 http cache is-glob@https://registry.npmjs.org/is-glob/-/is-glob-4.0.3.tgz 0ms (cache hit)
714 http cache is-binary-path@https://registry.npmjs.org/is-binary-path/-/is-binary-path-2.1.0.tgz 0ms (cache hit)
715 http cache braces@https://registry.npmjs.org/braces/-/braces-3.0.3.tgz 0ms (cache hit)
716 http cache glob-parent@https://registry.npmjs.org/glob-parent/-/glob-parent-5.1.2.tgz 0ms (cache hit)
717 http cache anymatch@https://registry.npmjs.org/anymatch/-/anymatch-3.1.3.tgz 0ms (cache hit)
718 http cache p-map@https://registry.npmjs.org/p-map/-/p-map-7.0.3.tgz 0ms (cache hit)
719 http cache tinyglobby@https://registry.npmjs.org/tinyglobby/-/tinyglobby-0.2.15.tgz 1ms (cache hit)
720 http cache fs-extra@https://registry.npmjs.org/fs-extra/-/fs-extra-11.3.2.tgz 0ms (cache hit)
721 http cache chokidar@https://registry.npmjs.org/chokidar/-/chokidar-3.6.0.tgz 0ms (cache hit)
722 http cache vitest@https://registry.npmjs.org/vitest/-/vitest-1.6.1.tgz 0ms (cache hit)
723 http cache vite-plugin-static-copy@https://registry.npmjs.org/vite-plugin-static-copy/-/vite-plugin-static-copy-3.1.2.tgz 0ms (cache hit)
724 http cache pkg-types@https://registry.npmjs.org/pkg-types/-/pkg-types-1.3.1.tgz 0ms (cache hit)
725 http cache path-key@https://registry.npmjs.org/path-key/-/path-key-4.0.0.tgz 0ms (cache hit)
726 http cache fsevents@https://registry.npmjs.org/fsevents/-/fsevents-2.3.3.tgz 0ms (cache hit)
727 http cache pathe@https://registry.npmjs.org/pathe/-/pathe-2.0.3.tgz 0ms (cache hit)
728 http cache pathe@https://registry.npmjs.org/pathe/-/pathe-2.0.3.tgz 0ms (cache hit)
729 http cache picomatch@https://registry.npmjs.org/picomatch/-/picomatch-4.0.3.tgz 0ms (cache hit)
730 http cache fdir@https://registry.npmjs.org/fdir/-/fdir-6.5.0.tgz 0ms (cache hit)
731 silly tarball no local data for stackback@https://registry.npmjs.org/stackback/-/stackback-0.0.2.tgz. Extracting by manifest.
732 silly tarball no local data for siginfo@https://registry.npmjs.org/siginfo/-/siginfo-2.0.0.tgz. Extracting by manifest.
733 silly tarball no local data for isexe@https://registry.npmjs.org/isexe/-/isexe-2.0.0.tgz. Extracting by manifest.
734 silly tarball no local data for cac@https://registry.npmjs.org/cac/-/cac-6.7.14.tgz. Extracting by manifest.
735 silly tarball no local data for js-tokens@https://registry.npmjs.org/js-tokens/-/js-tokens-9.0.1.tgz. Extracting by manifest.
736 silly tarball no local data for shebang-regex@https://registry.npmjs.org/shebang-regex/-/shebang-regex-3.0.0.tgz. Extracting by manifest.
737 silly tarball no local data for @sinclair/typebox@https://registry.npmjs.org/@sinclair/typebox/-/typebox-0.27.8.tgz. Extracting by manifest.
738 silly tarball no local data for react-is@https://registry.npmjs.org/react-is/-/react-is-18.3.1.tgz. Extracting by manifest.
739 silly tarball no local data for ansi-styles@https://registry.npmjs.org/ansi-styles/-/ansi-styles-5.2.0.tgz. Extracting by manifest.
740 silly tarball no local data for confbox@https://registry.npmjs.org/confbox/-/confbox-0.1.8.tgz. Extracting by manifest.
741 silly tarball no local data for mimic-fn@https://registry.npmjs.org/mimic-fn/-/mimic-fn-4.0.0.tgz. Extracting by manifest.
742 silly tarball no local data for @jest/schemas@https://registry.npmjs.org/@jest/schemas/-/schemas-29.6.3.tgz. Extracting by manifest.
743 silly tarball no local data for yocto-queue@https://registry.npmjs.org/yocto-queue/-/yocto-queue-1.2.1.tgz. Extracting by manifest.
744 silly tarball no local data for ufo@https://registry.npmjs.org/ufo/-/ufo-1.6.1.tgz. Extracting by manifest.
745 silly tarball no local data for @jridgewell/sourcemap-codec@https://registry.npmjs.org/@jridgewell/sourcemap-codec/-/sourcemap-codec-1.5.5.tgz. Extracting by manifest.
746 silly tarball no local data for which@https://registry.npmjs.org/which/-/which-2.0.2.tgz. Extracting by manifest.
747 silly tarball no local data for mlly@https://registry.npmjs.org/mlly/-/mlly-1.8.0.tgz. Extracting by manifest.
748 silly tarball no local data for shebang-command@https://registry.npmjs.org/shebang-command/-/shebang-command-2.0.0.tgz. Extracting by manifest.
749 silly tarball no local data for path-key@https://registry.npmjs.org/path-key/-/path-key-3.1.1.tgz. Extracting by manifest.
750 silly tarball no local data for signal-exit@https://registry.npmjs.org/signal-exit/-/signal-exit-4.1.0.tgz. Extracting by manifest.
751 silly tarball no local data for strip-final-newline@https://registry.npmjs.org/strip-final-newline/-/strip-final-newline-3.0.0.tgz. Extracting by manifest.
752 silly tarball no local data for onetime@https://registry.npmjs.org/onetime/-/onetime-6.0.0.tgz. Extracting by manifest.
753 silly tarball no local data for npm-run-path@https://registry.npmjs.org/npm-run-path/-/npm-run-path-5.3.0.tgz. Extracting by manifest.
754 silly tarball no local data for merge-stream@https://registry.npmjs.org/merge-stream/-/merge-stream-2.0.0.tgz. Extracting by manifest.
755 silly tarball no local data for human-signals@https://registry.npmjs.org/human-signals/-/human-signals-5.0.0.tgz. Extracting by manifest.
756 silly tarball no local data for is-stream@https://registry.npmjs.org/is-stream/-/is-stream-3.0.0.tgz. Extracting by manifest.
757 silly tarball no local data for get-stream@https://registry.npmjs.org/get-stream/-/get-stream-8.0.1.tgz. Extracting by manifest.
758 silly tarball no local data for ms@https://registry.npmjs.org/ms/-/ms-2.1.3.tgz. Extracting by manifest.
759 silly tarball no local data for type-detect@https://registry.npmjs.org/type-detect/-/type-detect-4.1.0.tgz. Extracting by manifest.
760 silly tarball no local data for pathval@https://registry.npmjs.org/pathval/-/pathval-1.1.1.tgz. Extracting by manifest.
761 silly tarball no local data for get-func-name@https://registry.npmjs.org/get-func-name/-/get-func-name-2.0.2.tgz. Extracting by manifest.
762 silly tarball no local data for deep-eql@https://registry.npmjs.org/deep-eql/-/deep-eql-4.1.4.tgz. Extracting by manifest.
763 silly tarball no local data for check-error@https://registry.npmjs.org/check-error/-/check-error-1.0.3.tgz. Extracting by manifest.
764 silly tarball no local data for cross-spawn@https://registry.npmjs.org/cross-spawn/-/cross-spawn-7.0.6.tgz. Extracting by manifest.
765 silly tarball no local data for assertion-error@https://registry.npmjs.org/assertion-error/-/assertion-error-1.1.0.tgz. Extracting by manifest.
766 silly tarball no local data for acorn@https://registry.npmjs.org/acorn/-/acorn-8.15.0.tgz. Extracting by manifest.
767 silly tarball no local data for loupe@https://registry.npmjs.org/loupe/-/loupe-2.3.7.tgz. Extracting by manifest.
768 silly tarball no local data for estree-walker@https://registry.npmjs.org/estree-walker/-/estree-walker-3.0.3.tgz. Extracting by manifest.
769 silly tarball no local data for diff-sequences@https://registry.npmjs.org/diff-sequences/-/diff-sequences-29.6.3.tgz. Extracting by manifest.
770 silly tarball no local data for tinyspy@https://registry.npmjs.org/tinyspy/-/tinyspy-2.2.1.tgz. Extracting by manifest.
771 silly tarball no local data for pretty-format@https://registry.npmjs.org/pretty-format/-/pretty-format-29.7.0.tgz. Extracting by manifest.
772 silly tarball no local data for p-limit@https://registry.npmjs.org/p-limit/-/p-limit-5.0.0.tgz. Extracting by manifest.
773 silly tarball no local data for why-is-node-running@https://registry.npmjs.org/why-is-node-running/-/why-is-node-running-2.3.0.tgz. Extracting by manifest.
774 silly tarball no local data for vite-node@https://registry.npmjs.org/vite-node/-/vite-node-1.6.1.tgz. Extracting by manifest.
775 silly tarball no local data for tinypool@https://registry.npmjs.org/tinypool/-/tinypool-0.8.4.tgz. Extracting by manifest.
776 silly tarball no local data for tinybench@https://registry.npmjs.org/tinybench/-/tinybench-2.9.0.tgz. Extracting by manifest.
777 silly tarball no local data for strip-literal@https://registry.npmjs.org/strip-literal/-/strip-literal-2.1.1.tgz. Extracting by manifest.
778 silly tarball no local data for std-env@https://registry.npmjs.org/std-env/-/std-env-3.9.0.tgz. Extracting by manifest.
779 silly tarball no local data for pathe@https://registry.npmjs.org/pathe/-/pathe-1.1.2.tgz. Extracting by manifest.
780 silly tarball no local data for magic-string@https://registry.npmjs.org/magic-string/-/magic-string-0.30.19.tgz. Extracting by manifest.
781 silly tarball no local data for local-pkg@https://registry.npmjs.org/local-pkg/-/local-pkg-0.5.1.tgz. Extracting by manifest.
782 silly tarball no local data for execa@https://registry.npmjs.org/execa/-/execa-8.0.1.tgz. Extracting by manifest.
783 silly tarball no local data for debug@https://registry.npmjs.org/debug/-/debug-4.4.3.tgz. Extracting by manifest.
784 silly tarball no local data for chai@https://registry.npmjs.org/chai/-/chai-4.5.0.tgz. Extracting by manifest.
785 silly tarball no local data for acorn-walk@https://registry.npmjs.org/acorn-walk/-/acorn-walk-8.3.4.tgz. Extracting by manifest.
786 silly tarball no local data for @vitest/utils@https://registry.npmjs.org/@vitest/utils/-/utils-1.6.1.tgz. Extracting by manifest.
787 silly tarball no local data for @vitest/spy@https://registry.npmjs.org/@vitest/spy/-/spy-1.6.1.tgz. Extracting by manifest.
788 silly tarball no local data for @vitest/snapshot@https://registry.npmjs.org/@vitest/snapshot/-/snapshot-1.6.1.tgz. Extracting by manifest.
789 silly tarball no local data for @vitest/expect@https://registry.npmjs.org/@vitest/expect/-/expect-1.6.1.tgz. Extracting by manifest.
790 silly tarball no local data for @vitest/runner@https://registry.npmjs.org/@vitest/runner/-/runner-1.6.1.tgz. Extracting by manifest.
791 silly tarball no local data for is-number@https://registry.npmjs.org/is-number/-/is-number-7.0.0.tgz. Extracting by manifest.
792 silly tarball no local data for is-extglob@https://registry.npmjs.org/is-extglob/-/is-extglob-2.1.1.tgz. Extracting by manifest.
793 silly tarball no local data for universalify@https://registry.npmjs.org/universalify/-/universalify-2.0.1.tgz. Extracting by manifest.
794 silly tarball no local data for binary-extensions@https://registry.npmjs.org/binary-extensions/-/binary-extensions-2.3.0.tgz. Extracting by manifest.
795 silly tarball no local data for graceful-fs@https://registry.npmjs.org/graceful-fs/-/graceful-fs-4.2.11.tgz. Extracting by manifest.
796 silly tarball no local data for jsonfile@https://registry.npmjs.org/jsonfile/-/jsonfile-6.2.0.tgz. Extracting by manifest.
797 silly tarball no local data for to-regex-range@https://registry.npmjs.org/to-regex-range/-/to-regex-range-5.0.1.tgz. Extracting by manifest.
798 silly tarball no local data for picomatch@https://registry.npmjs.org/picomatch/-/picomatch-2.3.1.tgz. Extracting by manifest.
799 silly tarball no local data for fill-range@https://registry.npmjs.org/fill-range/-/fill-range-7.1.1.tgz. Extracting by manifest.
800 silly tarball no local data for readdirp@https://registry.npmjs.org/readdirp/-/readdirp-3.6.0.tgz. Extracting by manifest.
801 silly tarball no local data for normalize-path@https://registry.npmjs.org/normalize-path/-/normalize-path-3.0.0.tgz. Extracting by manifest.
802 silly tarball no local data for is-glob@https://registry.npmjs.org/is-glob/-/is-glob-4.0.3.tgz. Extracting by manifest.
803 silly tarball no local data for is-binary-path@https://registry.npmjs.org/is-binary-path/-/is-binary-path-2.1.0.tgz. Extracting by manifest.
804 silly tarball no local data for braces@https://registry.npmjs.org/braces/-/braces-3.0.3.tgz. Extracting by manifest.
805 silly tarball no local data for glob-parent@https://registry.npmjs.org/glob-parent/-/glob-parent-5.1.2.tgz. Extracting by manifest.
806 silly tarball no local data for anymatch@https://registry.npmjs.org/anymatch/-/anymatch-3.1.3.tgz. Extracting by manifest.
807 silly tarball no local data for p-map@https://registry.npmjs.org/p-map/-/p-map-7.0.3.tgz. Extracting by manifest.
808 silly tarball no local data for tinyglobby@https://registry.npmjs.org/tinyglobby/-/tinyglobby-0.2.15.tgz. Extracting by manifest.
809 silly tarball no local data for fs-extra@https://registry.npmjs.org/fs-extra/-/fs-extra-11.3.2.tgz. Extracting by manifest.
810 silly tarball no local data for chokidar@https://registry.npmjs.org/chokidar/-/chokidar-3.6.0.tgz. Extracting by manifest.
811 silly tarball no local data for vitest@https://registry.npmjs.org/vitest/-/vitest-1.6.1.tgz. Extracting by manifest.
812 silly tarball no local data for vite-plugin-static-copy@https://registry.npmjs.org/vite-plugin-static-copy/-/vite-plugin-static-copy-3.1.2.tgz. Extracting by manifest.
813 silly tarball no local data for pkg-types@https://registry.npmjs.org/pkg-types/-/pkg-types-1.3.1.tgz. Extracting by manifest.
814 http fetch POST 200 https://registry.npmjs.org/-/npm/v1/security/advisories/bulk 2112ms
815 silly audit report {
815 silly audit report   esbuild: [
815 silly audit report     {
815 silly audit report       id: 1102341,
815 silly audit report       url: 'https://github.com/advisories/GHSA-67mh-4wv8-2f99',
815 silly audit report       title: 'esbuild enables any website to send any requests to the development server and read the response',
815 silly audit report       severity: 'moderate',
815 silly audit report       vulnerable_versions: '<=0.24.2',
815 silly audit report       cwe: [Array],
815 silly audit report       cvss: [Object]
815 silly audit report     }
815 silly audit report   ]
815 silly audit report }
816 silly packumentCache corgi:https://registry.npmjs.org/esbuild cache-miss
817 silly tarball no local data for path-key@https://registry.npmjs.org/path-key/-/path-key-4.0.0.tgz. Extracting by manifest.
818 silly tarball no local data for fsevents@https://registry.npmjs.org/fsevents/-/fsevents-2.3.3.tgz. Extracting by manifest.
819 silly tarball no local data for pathe@https://registry.npmjs.org/pathe/-/pathe-2.0.3.tgz. Extracting by manifest.
820 silly tarball no local data for pathe@https://registry.npmjs.org/pathe/-/pathe-2.0.3.tgz. Extracting by manifest.
821 silly tarball no local data for picomatch@https://registry.npmjs.org/picomatch/-/picomatch-4.0.3.tgz. Extracting by manifest.
822 silly tarball no local data for fdir@https://registry.npmjs.org/fdir/-/fdir-6.5.0.tgz. Extracting by manifest.
823 http fetch GET 200 https://registry.npmjs.org/stackback/-/stackback-0.0.2.tgz 7197ms (cache miss)
824 http fetch GET 200 https://registry.npmjs.org/which/-/which-2.0.2.tgz 7161ms (cache miss)
825 http fetch GET 200 https://registry.npmjs.org/siginfo/-/siginfo-2.0.0.tgz 7201ms (cache miss)
826 http fetch GET 200 https://registry.npmjs.org/shebang-command/-/shebang-command-2.0.0.tgz 7680ms (cache miss)
827 http fetch GET 200 https://registry.npmjs.org/isexe/-/isexe-2.0.0.tgz 7721ms (cache miss)
828 http fetch GET 200 https://registry.npmjs.org/path-key/-/path-key-3.1.1.tgz 7685ms (cache miss)
829 http fetch GET 200 https://registry.npmjs.org/onetime/-/onetime-6.0.0.tgz 7793ms (cache miss)
830 http fetch GET 200 https://registry.npmjs.org/get-stream/-/get-stream-8.0.1.tgz 7790ms (cache miss)
831 http fetch GET 200 https://registry.npmjs.org/signal-exit/-/signal-exit-4.1.0.tgz 8019ms (cache miss)
832 http fetch GET 200 https://registry.npmjs.org/is-stream/-/is-stream-3.0.0.tgz 8007ms (cache miss)
833 http fetch GET 200 https://registry.npmjs.org/human-signals/-/human-signals-5.0.0.tgz 8012ms (cache miss)
834 http fetch GET 200 https://registry.npmjs.org/yocto-queue/-/yocto-queue-1.2.1.tgz 8077ms (cache miss)
835 http fetch GET 200 https://registry.npmjs.org/why-is-node-running/-/why-is-node-running-2.3.0.tgz 7873ms (cache miss)
836 http fetch GET 200 https://registry.npmjs.org/strip-final-newline/-/strip-final-newline-3.0.0.tgz 8208ms (cache miss)
837 http fetch GET 200 https://registry.npmjs.org/npm-run-path/-/npm-run-path-5.3.0.tgz 8215ms (cache miss)
838 http fetch GET 200 https://registry.npmjs.org/ms/-/ms-2.1.3.tgz 8209ms (cache miss)
839 http fetch GET 200 https://registry.npmjs.org/type-detect/-/type-detect-4.1.0.tgz 8218ms (cache miss)
840 http fetch GET 200 https://registry.npmjs.org/merge-stream/-/merge-stream-2.0.0.tgz 8299ms (cache miss)
841 http fetch GET 200 https://registry.npmjs.org/mimic-fn/-/mimic-fn-4.0.0.tgz 8346ms (cache miss)
842 http fetch GET 200 https://registry.npmjs.org/get-func-name/-/get-func-name-2.0.2.tgz 8294ms (cache miss)
843 http fetch GET 200 https://registry.npmjs.org/@jest/schemas/-/schemas-29.6.3.tgz 8345ms (cache miss)
844 http fetch GET 200 https://registry.npmjs.org/check-error/-/check-error-1.0.3.tgz 8269ms (cache miss)
845 http fetch GET 200 https://registry.npmjs.org/estree-walker/-/estree-walker-3.0.3.tgz 8261ms (cache miss)
846 http fetch GET 200 https://registry.npmjs.org/strip-literal/-/strip-literal-2.1.1.tgz 8130ms (cache miss)
847 http fetch GET 200 https://registry.npmjs.org/diff-sequences/-/diff-sequences-29.6.3.tgz 8174ms (cache miss)
848 http fetch GET 200 https://registry.npmjs.org/shebang-regex/-/shebang-regex-3.0.0.tgz 8482ms (cache miss)
849 http fetch GET 200 https://registry.npmjs.org/js-tokens/-/js-tokens-9.0.1.tgz 8485ms (cache miss)
850 http fetch GET 200 https://registry.npmjs.org/assertion-error/-/assertion-error-1.1.0.tgz 8406ms (cache miss)
851 http fetch GET 200 https://registry.npmjs.org/local-pkg/-/local-pkg-0.5.1.tgz 8318ms (cache miss)
852 http fetch GET 200 https://registry.npmjs.org/is-extglob/-/is-extglob-2.1.1.tgz 8293ms (cache miss)
853 http fetch GET 200 https://registry.npmjs.org/braces/-/braces-3.0.3.tgz 8238ms (cache miss)
854 http fetch GET 200 https://registry.npmjs.org/path-key/-/path-key-4.0.0.tgz 8196ms (cache miss)
855 http fetch GET 200 https://registry.npmjs.org/loupe/-/loupe-2.3.7.tgz 8621ms (cache miss)
856 http fetch GET 200 https://registry.npmjs.org/p-limit/-/p-limit-5.0.0.tgz 8487ms (cache miss)
857 http fetch GET 200 https://registry.npmjs.org/graceful-fs/-/graceful-fs-4.2.11.tgz 8382ms (cache miss)
858 http fetch GET 200 https://registry.npmjs.org/tinyglobby/-/tinyglobby-0.2.15.tgz 8391ms (cache miss)
859 http fetch GET 200 https://registry.npmjs.org/pathval/-/pathval-1.1.1.tgz 8787ms (cache miss)
860 http fetch GET 200 https://registry.npmjs.org/tinyspy/-/tinyspy-2.2.1.tgz 8635ms (cache miss)
861 http fetch GET 200 https://registry.npmjs.org/glob-parent/-/glob-parent-5.1.2.tgz 8481ms (cache miss)
862 http fetch GET 200 https://registry.npmjs.org/deep-eql/-/deep-eql-4.1.4.tgz 8870ms (cache miss)
863 http fetch GET 200 https://registry.npmjs.org/universalify/-/universalify-2.0.1.tgz 8627ms (cache miss)
864 http fetch GET 200 https://registry.npmjs.org/to-regex-range/-/to-regex-range-5.0.1.tgz 8583ms (cache miss)
865 http fetch GET 200 https://registry.npmjs.org/binary-extensions/-/binary-extensions-2.3.0.tgz 8620ms (cache miss)
866 http fetch GET 200 https://registry.npmjs.org/@vitest/spy/-/spy-1.6.1.tgz 8678ms (cache miss)
867 http fetch GET 200 https://registry.npmjs.org/fdir/-/fdir-6.5.0.tgz 8515ms (cache miss)
868 http fetch GET 200 https://registry.npmjs.org/mlly/-/mlly-1.8.0.tgz 8970ms (cache miss)
869 http fetch GET 200 https://registry.npmjs.org/is-number/-/is-number-7.0.0.tgz 8717ms (cache miss)
870 http fetch GET 200 https://registry.npmjs.org/jsonfile/-/jsonfile-6.2.0.tgz 8690ms (cache miss)
871 http fetch GET 200 https://registry.npmjs.org/is-binary-path/-/is-binary-path-2.1.0.tgz 8703ms (cache miss)
872 http fetch GET 200 https://registry.npmjs.org/readdirp/-/readdirp-3.6.0.tgz 8714ms (cache miss)
873 http fetch GET 200 https://registry.npmjs.org/normalize-path/-/normalize-path-3.0.0.tgz 8713ms (cache miss)
874 http fetch GET 200 https://registry.npmjs.org/anymatch/-/anymatch-3.1.3.tgz 8698ms (cache miss)
875 http fetch GET 200 https://registry.npmjs.org/fill-range/-/fill-range-7.1.1.tgz 8826ms (cache miss)
876 http fetch GET 200 https://registry.npmjs.org/p-map/-/p-map-7.0.3.tgz 8824ms (cache miss)
877 http fetch GET 200 https://registry.npmjs.org/pathe/-/pathe-2.0.3.tgz 8796ms (cache miss)
878 http fetch GET 200 https://registry.npmjs.org/react-is/-/react-is-18.3.1.tgz 9281ms (cache miss)
879 http fetch GET 200 https://registry.npmjs.org/execa/-/execa-8.0.1.tgz 9015ms (cache miss)
880 http fetch GET 200 https://registry.npmjs.org/is-glob/-/is-glob-4.0.3.tgz 8920ms (cache miss)
881 http fetch GET 200 https://registry.npmjs.org/picomatch/-/picomatch-4.0.3.tgz 8978ms (cache miss)
882 http fetch GET 200 https://registry.npmjs.org/std-env/-/std-env-3.9.0.tgz 9266ms (cache miss)
883 http fetch GET 200 https://registry.npmjs.org/cross-spawn/-/cross-spawn-7.0.6.tgz 9547ms (cache miss)
884 http fetch GET 200 https://registry.npmjs.org/pathe/-/pathe-2.0.3.tgz 9248ms (cache miss)
885 http fetch GET 200 https://registry.npmjs.org/acorn-walk/-/acorn-walk-8.3.4.tgz 9571ms (cache miss)
886 http fetch GET 200 https://registry.npmjs.org/@vitest/snapshot/-/snapshot-1.6.1.tgz 9564ms (cache miss)
887 http fetch GET 200 https://registry.npmjs.org/@vitest/expect/-/expect-1.6.1.tgz 9643ms (cache miss)
888 http fetch GET 200 https://registry.npmjs.org/tinypool/-/tinypool-0.8.4.tgz 9766ms (cache miss)
889 http fetch GET 200 https://registry.npmjs.org/pathe/-/pathe-1.1.2.tgz 9764ms (cache miss)
890 http fetch GET 200 https://registry.npmjs.org/chokidar/-/chokidar-3.6.0.tgz 9647ms (cache miss)
891 http fetch GET 200 https://registry.npmjs.org/fsevents/-/fsevents-2.3.3.tgz 9630ms (cache miss)
892 http fetch GET 200 https://registry.npmjs.org/tinybench/-/tinybench-2.9.0.tgz 9834ms (cache miss)
893 http fetch GET 200 https://registry.npmjs.org/pkg-types/-/pkg-types-1.3.1.tgz 9685ms (cache miss)
894 http fetch GET 200 https://registry.npmjs.org/vite-plugin-static-copy/-/vite-plugin-static-copy-3.1.2.tgz 9713ms (cache miss)
895 http fetch GET 200 https://registry.npmjs.org/debug/-/debug-4.4.3.tgz 9961ms (cache miss)
896 http fetch GET 200 https://registry.npmjs.org/ansi-styles/-/ansi-styles-5.2.0.tgz 10252ms (cache miss)
897 http fetch GET 200 https://registry.npmjs.org/@vitest/runner/-/runner-1.6.1.tgz 10001ms (cache miss)
898 http fetch GET 200 https://registry.npmjs.org/picomatch/-/picomatch-2.3.1.tgz 9956ms (cache miss)
899 http fetch GET 200 https://registry.npmjs.org/ufo/-/ufo-1.6.1.tgz 10380ms (cache miss)
900 http fetch GET 200 https://registry.npmjs.org/cac/-/cac-6.7.14.tgz 10459ms (cache miss)
901 http fetch GET 200 https://registry.npmjs.org/@vitest/utils/-/utils-1.6.1.tgz 10216ms (cache miss)
902 http fetch GET 200 https://registry.npmjs.org/pretty-format/-/pretty-format-29.7.0.tgz 10306ms (cache miss)
903 http fetch GET 200 https://registry.npmjs.org/magic-string/-/magic-string-0.30.19.tgz 10291ms (cache miss)
904 http fetch GET 200 https://registry.npmjs.org/@jridgewell/sourcemap-codec/-/sourcemap-codec-1.5.5.tgz 10884ms (cache miss)
905 http fetch GET 200 https://registry.npmjs.org/fs-extra/-/fs-extra-11.3.2.tgz 11046ms (cache miss)
906 http fetch GET 200 https://registry.npmjs.org/vite-node/-/vite-node-1.6.1.tgz 11240ms (cache miss)
907 http fetch GET 200 https://registry.npmjs.org/esbuild 11137ms (cache miss)
908 silly packumentCache corgi:https://registry.npmjs.org/esbuild set size:undefined disposed:false
909 http fetch GET 200 https://registry.npmjs.org/acorn/-/acorn-8.15.0.tgz 11812ms (cache miss)
910 http fetch GET 200 https://registry.npmjs.org/confbox/-/confbox-0.1.8.tgz 11927ms (cache miss)
911 silly packumentCache corgi:https://registry.npmjs.org/vite cache-miss
912 http fetch GET 200 https://registry.npmjs.org/@sinclair/typebox/-/typebox-0.27.8.tgz 12041ms (cache miss)
913 http fetch GET 200 https://registry.npmjs.org/chai/-/chai-4.5.0.tgz 12157ms (cache miss)
914 http fetch GET 200 https://registry.npmjs.org/vitest/-/vitest-1.6.1.tgz 12434ms (cache miss)
915 http fetch GET 200 https://registry.npmjs.org/vite 1307ms (cache miss)
916 silly packumentCache corgi:https://registry.npmjs.org/vite set size:undefined disposed:false
917 silly packumentCache corgi:https://registry.npmjs.org/vite-plugin-static-copy cache-miss
918 silly packumentCache corgi:https://registry.npmjs.org/vitest cache-miss
919 silly packumentCache corgi:https://registry.npmjs.org/vite-node cache-miss
920 http fetch GET 200 https://registry.npmjs.org/vite-node 433ms (cache miss)
921 silly packumentCache corgi:https://registry.npmjs.org/vite-node set size:undefined disposed:false
922 http fetch GET 200 https://registry.npmjs.org/vite-plugin-static-copy 1422ms (cache miss)
923 silly packumentCache corgi:https://registry.npmjs.org/vite-plugin-static-copy set size:undefined disposed:false
924 http fetch GET 200 https://registry.npmjs.org/vitest 1561ms (cache miss)
925 silly packumentCache corgi:https://registry.npmjs.org/vitest set size:undefined disposed:false
926 silly ADD node_modules/stackback
927 silly ADD node_modules/siginfo
928 silly ADD node_modules/isexe
929 silly ADD node_modules/cac
930 silly ADD node_modules/js-tokens
931 silly ADD node_modules/shebang-regex
932 silly ADD node_modules/@sinclair/typebox
933 silly ADD node_modules/react-is
934 silly ADD node_modules/ansi-styles
935 silly ADD node_modules/@jest/schemas
936 silly ADD node_modules/confbox
937 silly ADD node_modules/yocto-queue
938 silly ADD node_modules/mimic-fn
939 silly ADD node_modules/ufo
940 silly ADD node_modules/@jridgewell/sourcemap-codec
941 silly ADD node_modules/pkg-types
942 silly ADD node_modules/pkg-types/node_modules/pathe
943 silly ADD node_modules/mlly
944 silly ADD node_modules/mlly/node_modules/pathe
945 silly ADD node_modules/which
946 silly ADD node_modules/shebang-command
947 silly ADD node_modules/path-key
948 silly ADD node_modules/strip-final-newline
949 silly ADD node_modules/signal-exit
950 silly ADD node_modules/onetime
951 silly ADD node_modules/npm-run-path
952 silly ADD node_modules/npm-run-path/node_modules/path-key
953 silly ADD node_modules/merge-stream
954 silly ADD node_modules/is-stream
955 silly ADD node_modules/human-signals
956 silly ADD node_modules/get-stream
957 silly ADD node_modules/cross-spawn
958 silly ADD node_modules/ms
959 silly ADD node_modules/type-detect
960 silly ADD node_modules/pathval
961 silly ADD node_modules/get-func-name
962 silly ADD node_modules/deep-eql
963 silly ADD node_modules/check-error
964 silly ADD node_modules/assertion-error
965 silly ADD node_modules/acorn
966 silly ADD node_modules/loupe
967 silly ADD node_modules/estree-walker
968 silly ADD node_modules/diff-sequences
969 silly ADD node_modules/tinyspy
970 silly ADD node_modules/pretty-format
971 silly ADD node_modules/p-limit
972 silly ADD node_modules/why-is-node-running
973 silly ADD node_modules/vite-node
974 silly ADD node_modules/tinypool
975 silly ADD node_modules/tinybench
976 silly ADD node_modules/strip-literal
977 silly ADD node_modules/std-env
978 silly ADD node_modules/pathe
979 silly ADD node_modules/magic-string
980 silly ADD node_modules/local-pkg
981 silly ADD node_modules/execa
982 silly ADD node_modules/debug
983 silly ADD node_modules/chai
984 silly ADD node_modules/acorn-walk
985 silly ADD node_modules/@vitest/utils
986 silly ADD node_modules/@vitest/spy
987 silly ADD node_modules/@vitest/snapshot
988 silly ADD node_modules/@vitest/runner
989 silly ADD node_modules/@vitest/expect
990 silly ADD node_modules/is-number
991 silly ADD node_modules/is-extglob
992 silly ADD node_modules/binary-extensions
993 silly ADD node_modules/universalify
994 silly ADD node_modules/jsonfile
995 silly ADD node_modules/graceful-fs
996 silly ADD node_modules/to-regex-range
997 silly ADD node_modules/fill-range
998 silly ADD node_modules/picomatch
999 silly ADD node_modules/readdirp
1000 silly ADD node_modules/normalize-path
1001 silly ADD node_modules/is-glob
1002 silly ADD node_modules/is-binary-path
1003 silly ADD node_modules/glob-parent
1004 silly ADD node_modules/braces
1005 silly ADD node_modules/anymatch
1006 silly ADD node_modules/tinyglobby
1007 silly ADD node_modules/tinyglobby/node_modules/picomatch
1008 silly ADD node_modules/tinyglobby/node_modules/fdir
1009 silly ADD node_modules/p-map
1010 silly ADD node_modules/fs-extra
1011 silly ADD node_modules/chokidar
1012 silly ADD node_modules/vitest
1013 silly ADD node_modules/vite-plugin-static-copy
1014 silly ADD node_modules/fsevents
1015 silly ADD
1016 silly ADD
1017 silly ADD
1018 silly ADD
1019 silly ADD
1020 silly ADD
1021 silly ADD
1022 silly ADD
1023 silly ADD
1024 silly ADD
1025 silly ADD
1026 silly ADD
1027 silly ADD
1028 silly ADD
1029 silly ADD
1030 silly ADD
1031 silly ADD
1032 silly ADD
1033 silly ADD
1034 silly ADD
1035 silly ADD
1036 silly ADD
1037 silly ADD
1038 silly ADD
1039 silly ADD
1040 silly ADD
1041 silly ADD
1042 silly ADD
1043 silly ADD
1044 silly ADD
1045 silly ADD
1046 silly ADD
1047 silly ADD
1048 silly ADD
1049 silly ADD
1050 silly ADD
1051 silly ADD
1052 silly ADD
1053 silly ADD
1054 silly ADD
1055 silly ADD
1056 silly ADD
1057 verbose cwd /Users/rickardzakrisson/Desktop/code/Beat-Blaster
1058 verbose os Darwin 20.6.0
1059 verbose node v22.19.0
1060 verbose npm  v10.9.3
1061 notice
1061 notice New major version of npm available! 10.9.3 -> 11.6.1
1061 notice Changelog: https://github.com/npm/cli/releases/tag/v11.6.1
1061 notice To update run: npm install -g npm@11.6.1
1061 notice  { force: true, [Symbol(proc-log.meta)]: true }
1062 verbose exit 0
1063 info ok
